  [1m[35m (1.4ms)[0m  [1m[35mCREATE DATABASE "music_app_development" ENCODING = 'unicode'[0m
  ↳ bin/rails:9
  [1m[35m (4.2ms)[0m  [1m[35mCREATE DATABASE "music_app_test" ENCODING = 'unicode'[0m
  ↳ bin/rails:9
  [1m[35m (0.7ms)[0m  [1m[34mSELECT "schema_migrations"."version" FROM "schema_migrations" ORDER BY "schema_migrations"."version" ASC[0m
  ↳ bin/rails:9
  [1m[35m (0.7ms)[0m  [1m[34mSELECT "ar_internal_metadata"."value" FROM "ar_internal_metadata" WHERE "ar_internal_metadata"."key" = $1[0m  [["key", "environment"]]
  ↳ bin/rails:9
  [1m[35m (0.3ms)[0m  [1m[34mSELECT "schema_migrations"."version" FROM "schema_migrations" ORDER BY "schema_migrations"."version" ASC[0m
  ↳ bin/rails:9
  [1m[35m (0.3ms)[0m  [1m[34mSELECT "ar_internal_metadata"."value" FROM "ar_internal_metadata" WHERE "ar_internal_metadata"."key" = $1[0m  [["key", "environment"]]
  ↳ bin/rails:9
  [1m[35m (0.3ms)[0m  [1m[34mSELECT "schema_migrations"."version" FROM "schema_migrations" ORDER BY "schema_migrations"."version" ASC[0m
  ↳ bin/rails:9
  [1m[35m (0.3ms)[0m  [1m[34mSELECT "ar_internal_metadata"."value" FROM "ar_internal_metadata" WHERE "ar_internal_metadata"."key" = $1[0m  [["key", "environment"]]
  ↳ bin/rails:9
  [1m[35m (267.8ms)[0m  [1m[35mDROP DATABASE IF EXISTS "music_app_development"[0m
  ↳ bin/rails:9
  [1m[35m (365.7ms)[0m  [1m[35mDROP DATABASE IF EXISTS "music_app_test"[0m
  ↳ bin/rails:9
  [1m[35m (1598.4ms)[0m  [1m[35mCREATE DATABASE "music_app_development" ENCODING = 'unicode'[0m
  ↳ bin/rails:9
  [1m[35m (1472.3ms)[0m  [1m[35mCREATE DATABASE "music_app_test" ENCODING = 'unicode'[0m
  ↳ bin/rails:9
  [1m[35m (21.9ms)[0m  [1m[35mCREATE TABLE "schema_migrations" ("version" character varying NOT NULL PRIMARY KEY)[0m
  ↳ bin/rails:9
  [1m[35m (10.1ms)[0m  [1m[35mCREATE TABLE "ar_internal_metadata" ("key" character varying NOT NULL PRIMARY KEY, "value" character varying, "created_at" timestamp NOT NULL, "updated_at" timestamp NOT NULL)[0m
  ↳ bin/rails:9
  [1m[35m (0.3ms)[0m  [1m[34mSELECT pg_try_advisory_lock(4505726345591715405)[0m
  ↳ bin/rails:9
  [1m[35m (5.4ms)[0m  [1m[34mSELECT "schema_migrations"."version" FROM "schema_migrations" ORDER BY "schema_migrations"."version" ASC[0m
  ↳ bin/rails:9
Migrating to CreateUsers (20201212145945)
  [1m[35m (0.2ms)[0m  [1m[35mBEGIN[0m
  ↳ bin/rails:9
  [1m[35m (12.9ms)[0m  [1m[35mCREATE TABLE "users" ("id" bigserial primary key, "email" character varying NOT NULL, "password_digest" character varying NOT NULL, "session_token" character varying NOT NULL, "created_at" timestamp NOT NULL, "updated_at" timestamp NOT NULL)[0m
  ↳ db/migrate/20201212145945_create_users.rb:3
  [1m[35m (3.7ms)[0m  [1m[35mCREATE UNIQUE INDEX  "index_users_on_email" ON "users"  ("email")[0m
  ↳ db/migrate/20201212145945_create_users.rb:10
  [1m[35m (3.2ms)[0m  [1m[35mCREATE UNIQUE INDEX  "index_users_on_session_token" ON "users"  ("session_token")[0m
  ↳ db/migrate/20201212145945_create_users.rb:11
  [1m[36mActiveRecord::SchemaMigration Create (1.1ms)[0m  [1m[32mINSERT INTO "schema_migrations" ("version") VALUES ($1) RETURNING "version"[0m  [["version", "20201212145945"]]
  ↳ bin/rails:9
  [1m[35m (2.2ms)[0m  [1m[35mCOMMIT[0m
  ↳ bin/rails:9
  [1m[36mActiveRecord::InternalMetadata Load (6.2ms)[0m  [1m[34mSELECT  "ar_internal_metadata".* FROM "ar_internal_metadata" WHERE "ar_internal_metadata"."key" = $1 LIMIT $2[0m  [["key", "environment"], ["LIMIT", 1]]
  ↳ bin/rails:9
  [1m[35m (0.1ms)[0m  [1m[35mBEGIN[0m
  ↳ bin/rails:9
  [1m[36mActiveRecord::InternalMetadata Create (0.5ms)[0m  [1m[32mINSERT INTO "ar_internal_metadata" ("key", "value", "created_at", "updated_at") VALUES ($1, $2, $3, $4) RETURNING "key"[0m  [["key", "environment"], ["value", "development"], ["created_at", "2020-12-12 15:02:04.313581"], ["updated_at", "2020-12-12 15:02:04.313581"]]
  ↳ bin/rails:9
  [1m[35m (2.0ms)[0m  [1m[35mCOMMIT[0m
  ↳ bin/rails:9
  [1m[35m (0.2ms)[0m  [1m[34mSELECT pg_advisory_unlock(4505726345591715405)[0m
  ↳ bin/rails:9
  [1m[35m (0.4ms)[0m  [1m[34mSELECT "schema_migrations"."version" FROM "schema_migrations" ORDER BY "schema_migrations"."version" ASC[0m
  ↳ bin/rails:9
  [1m[35m (0.2ms)[0m  [1m[35mBEGIN[0m
  [1m[36mUser Exists (17.7ms)[0m  [1m[34mSELECT  1 AS one FROM "users" WHERE "users"."email" IS NULL LIMIT $1[0m  [["LIMIT", 1]]
  [1m[36mUser Exists (0.4ms)[0m  [1m[34mSELECT  1 AS one FROM "users" WHERE "users"."session_token" IS NULL LIMIT $1[0m  [["LIMIT", 1]]
  [1m[35m (0.5ms)[0m  [1m[31mROLLBACK[0m
  [1m[35m (0.2ms)[0m  [1m[35mBEGIN[0m
  [1m[36mUser Exists (0.8ms)[0m  [1m[34mSELECT  1 AS one FROM "users" WHERE "users"."email" IS NULL LIMIT $1[0m  [["LIMIT", 1]]
  [1m[36mUser Exists (0.4ms)[0m  [1m[34mSELECT  1 AS one FROM "users" WHERE "users"."session_token" IS NULL LIMIT $1[0m  [["LIMIT", 1]]
  [1m[36mUser Exists (0.6ms)[0m  [1m[34mSELECT  1 AS one FROM "users" WHERE "users"."password_digest" IS NULL LIMIT $1[0m  [["LIMIT", 1]]
  [1m[35m (0.8ms)[0m  [1m[31mROLLBACK[0m
  [1m[35m (0.2ms)[0m  [1m[35mBEGIN[0m
  [1m[36mUser Exists (0.6ms)[0m  [1m[34mSELECT  1 AS one FROM "users" WHERE "users"."email" = $1 LIMIT $2[0m  [["email", "test@test.com"], ["LIMIT", 1]]
  [1m[36mUser Exists (0.4ms)[0m  [1m[34mSELECT  1 AS one FROM "users" WHERE "users"."session_token" = $1 LIMIT $2[0m  [["session_token", "awfewafwae"], ["LIMIT", 1]]
  [1m[36mUser Exists (0.4ms)[0m  [1m[34mSELECT  1 AS one FROM "users" WHERE "users"."password_digest" = $1 LIMIT $2[0m  [["password_digest", "$2a$12$19XGjZd/hw0ZPXrynHzvt.2wrcCL3/j5PAx0JNByc6MYDiaWCyFFa"], ["LIMIT", 1]]
  [1m[36mUser Create (1.6ms)[0m  [1m[32mINSERT INTO "users" ("email", "password_digest", "session_token", "created_at", "updated_at") VALUES ($1, $2, $3, $4, $5) RETURNING "id"[0m  [["email", "test@test.com"], ["password_digest", "$2a$12$19XGjZd/hw0ZPXrynHzvt.2wrcCL3/j5PAx0JNByc6MYDiaWCyFFa"], ["session_token", "awfewafwae"], ["created_at", "2020-12-12 16:08:10.000668"], ["updated_at", "2020-12-12 16:08:10.000668"]]
  [1m[35m (7.7ms)[0m  [1m[35mCOMMIT[0m
  [1m[35m (0.2ms)[0m  [1m[35mBEGIN[0m
  [1m[36mUser Exists (22.4ms)[0m  [1m[34mSELECT  1 AS one FROM "users" WHERE "users"."email" = $1 LIMIT $2[0m  [["email", "test@testest.com"], ["LIMIT", 1]]
  [1m[36mUser Exists (0.5ms)[0m  [1m[34mSELECT  1 AS one FROM "users" WHERE "users"."session_token" = $1 LIMIT $2[0m  [["session_token", "p8328SNiWxCu3j1w5Ph9EA"], ["LIMIT", 1]]
  [1m[36mUser Exists (0.4ms)[0m  [1m[34mSELECT  1 AS one FROM "users" WHERE "users"."password_digest" = $1 LIMIT $2[0m  [["password_digest", "$2a$12$fZAEka0CrD8co2fvn5THReLpsPwNmi9HuNv0HsWCIfBgX3ICpOEEK"], ["LIMIT", 1]]
  [1m[36mUser Create (0.6ms)[0m  [1m[32mINSERT INTO "users" ("email", "password_digest", "session_token", "created_at", "updated_at") VALUES ($1, $2, $3, $4, $5) RETURNING "id"[0m  [["email", "test@testest.com"], ["password_digest", "$2a$12$fZAEka0CrD8co2fvn5THReLpsPwNmi9HuNv0HsWCIfBgX3ICpOEEK"], ["session_token", "p8328SNiWxCu3j1w5Ph9EA"], ["created_at", "2020-12-12 16:18:29.817435"], ["updated_at", "2020-12-12 16:18:29.817435"]]
  [1m[35m (7.5ms)[0m  [1m[35mCOMMIT[0m
  [1m[36mUser Load (0.2ms)[0m  [1m[34mSELECT  "users".* FROM "users" LIMIT $1[0m  [["LIMIT", 11]]
Started GET "/" for ::1 at 2020-12-12 11:48:51 -0500
  [1m[35m (12.5ms)[0m  [1m[34mSELECT "schema_migrations"."version" FROM "schema_migrations" ORDER BY "schema_migrations"."version" ASC[0m
  ↳ /home/josemiralles/.rbenv/versions/2.5.1/lib/ruby/gems/2.5.0/gems/activerecord-5.2.4.4/lib/active_record/log_subscriber.rb:98
Processing by Rails::WelcomeController#index as HTML
  Rendering /home/josemiralles/.rbenv/versions/2.5.1/lib/ruby/gems/2.5.0/gems/railties-5.2.4.4/lib/rails/templates/rails/welcome/index.html.erb
  Rendered /home/josemiralles/.rbenv/versions/2.5.1/lib/ruby/gems/2.5.0/gems/railties-5.2.4.4/lib/rails/templates/rails/welcome/index.html.erb (11.0ms)
Completed 200 OK in 66ms (Views: 37.5ms | ActiveRecord: 0.0ms)


Started GET "/users" for ::1 at 2020-12-12 11:48:55 -0500
Processing by UsersController#index as HTML
  Rendering users/index.html.erb within layouts/application
  Rendered users/index.html.erb within layouts/application (0.3ms)
Completed 200 OK in 986ms (Views: 979.5ms | ActiveRecord: 0.0ms)


Started GET "/users/new" for ::1 at 2020-12-12 11:49:00 -0500
Processing by UsersController#new as HTML
  Rendering users/new.html.erb within layouts/application
  Rendered users/new.html.erb within layouts/application (14.8ms)
Completed 500 Internal Server Error in 43ms (ActiveRecord: 6.9ms)


  
ActionView::Template::Error (No route matches {:action=>"show", :controller=>"users"}, missing required keys: [:id]):
    1: <h1>Sign Up</h1>
    2: 
    3: <form action="<% user_url %>" method="POST">
    4:     <input type="hidden" name="authentication_token" value="<% form_authentication_token %>">
    5:     
    6:     <label>email
  
app/views/users/new.html.erb:3:in `_app_views_users_new_html_erb___2531649193165901049_70366580320560'
app/controllers/users_controller.rb:18:in `new'
Started GET "/users/new" for ::1 at 2020-12-12 11:49:42 -0500
Processing by UsersController#new as HTML
  Rendering users/new.html.erb within layouts/application
  Rendered users/new.html.erb within layouts/application (232.8ms)
Completed 500 Internal Server Error in 246ms (ActiveRecord: 0.0ms)


  
ActionView::Template::Error (undefined local variable or method `form_authentication_token' for #<#<Class:0x00007fffc41d51c0>:0x00007fff080a5e88>
Did you mean?  form_authenticity_token):
    1: <h1>Sign Up</h1>
    2: 
    3: <form action="<% new_user_url %>" method="POST">
    4:     <input type="hidden" name="authentication_token" value="<% form_authentication_token %>">
    5:     
    6:     <label>email
    7:         <input type="text" name="user_email" value="user[email]">
  
app/views/users/new.html.erb:4:in `_app_views_users_new_html_erb___2531649193165901049_70366664140240'
app/controllers/users_controller.rb:18:in `new'
Started GET "/users/new" for ::1 at 2020-12-12 11:50:11 -0500
Processing by UsersController#new as HTML
  Rendering users/new.html.erb within layouts/application
  Rendered users/new.html.erb within layouts/application (1.1ms)
Completed 200 OK in 66ms (Views: 65.2ms | ActiveRecord: 0.0ms)


Started GET "/users/new" for ::1 at 2020-12-12 11:50:33 -0500
Processing by UsersController#new as HTML
  Rendering users/new.html.erb within layouts/application
  Rendered users/new.html.erb within layouts/application (0.9ms)
Completed 200 OK in 54ms (Views: 53.4ms | ActiveRecord: 0.0ms)


Started GET "/users/new" for ::1 at 2020-12-12 11:50:39 -0500
Processing by UsersController#new as HTML
  Rendering users/new.html.erb within layouts/application
  Rendered users/new.html.erb within layouts/application (0.7ms)
Completed 200 OK in 46ms (Views: 44.9ms | ActiveRecord: 0.0ms)


Started GET "/users/new" for ::1 at 2020-12-12 11:50:48 -0500
Processing by UsersController#new as HTML
  Rendering users/new.html.erb within layouts/application
  Rendered users/new.html.erb within layouts/application (0.8ms)
Completed 200 OK in 54ms (Views: 53.2ms | ActiveRecord: 0.0ms)


Started GET "/users/new" for ::1 at 2020-12-12 11:50:54 -0500
Processing by UsersController#new as HTML
  Rendering users/new.html.erb within layouts/application
  Rendered users/new.html.erb within layouts/application (0.6ms)
Completed 200 OK in 34ms (Views: 33.3ms | ActiveRecord: 0.0ms)


Started GET "/users/new" for ::1 at 2020-12-12 11:50:56 -0500
Processing by UsersController#new as HTML
  Rendering users/new.html.erb within layouts/application
  Rendered users/new.html.erb within layouts/application (0.5ms)
Completed 200 OK in 38ms (Views: 37.5ms | ActiveRecord: 0.0ms)


Started GET "/users/new" for ::1 at 2020-12-12 11:51:03 -0500
Processing by UsersController#new as HTML
  Rendering users/new.html.erb within layouts/application
  Rendered users/new.html.erb within layouts/application (0.4ms)
Completed 200 OK in 43ms (Views: 42.3ms | ActiveRecord: 0.0ms)


Started GET "/users/new" for ::1 at 2020-12-12 11:51:58 -0500
Processing by UsersController#new as HTML
  Rendering users/new.html.erb within layouts/application
  Rendered users/new.html.erb within layouts/application (0.6ms)
Completed 200 OK in 33ms (Views: 32.5ms | ActiveRecord: 0.0ms)


Started GET "/users/new" for ::1 at 2020-12-12 11:52:44 -0500
Processing by UsersController#new as HTML
  Rendering users/new.html.erb within layouts/application
  Rendered users/new.html.erb within layouts/application (0.5ms)
Completed 200 OK in 39ms (Views: 38.2ms | ActiveRecord: 0.0ms)


Started POST "/users/new" for ::1 at 2020-12-12 11:53:02 -0500
  
ActionController::RoutingError (No route matches [POST] "/users/new"):
  
actionpack (5.2.4.4) lib/action_dispatch/middleware/debug_exceptions.rb:65:in `call'
web-console (3.7.0) lib/web_console/middleware.rb:135:in `call_app'
web-console (3.7.0) lib/web_console/middleware.rb:30:in `block in call'
web-console (3.7.0) lib/web_console/middleware.rb:20:in `catch'
web-console (3.7.0) lib/web_console/middleware.rb:20:in `call'
actionpack (5.2.4.4) lib/action_dispatch/middleware/show_exceptions.rb:33:in `call'
railties (5.2.4.4) lib/rails/rack/logger.rb:38:in `call_app'
railties (5.2.4.4) lib/rails/rack/logger.rb:26:in `block in call'
activesupport (5.2.4.4) lib/active_support/tagged_logging.rb:71:in `block in tagged'
activesupport (5.2.4.4) lib/active_support/tagged_logging.rb:28:in `tagged'
activesupport (5.2.4.4) lib/active_support/tagged_logging.rb:71:in `tagged'
railties (5.2.4.4) lib/rails/rack/logger.rb:26:in `call'
sprockets-rails (3.2.2) lib/sprockets/rails/quiet_assets.rb:13:in `call'
actionpack (5.2.4.4) lib/action_dispatch/middleware/remote_ip.rb:81:in `call'
actionpack (5.2.4.4) lib/action_dispatch/middleware/request_id.rb:27:in `call'
rack (2.2.3) lib/rack/method_override.rb:24:in `call'
rack (2.2.3) lib/rack/runtime.rb:22:in `call'
activesupport (5.2.4.4) lib/active_support/cache/strategy/local_cache_middleware.rb:29:in `call'
actionpack (5.2.4.4) lib/action_dispatch/middleware/executor.rb:14:in `call'
actionpack (5.2.4.4) lib/action_dispatch/middleware/static.rb:127:in `call'
rack (2.2.3) lib/rack/sendfile.rb:110:in `call'
railties (5.2.4.4) lib/rails/engine.rb:524:in `call'
puma (3.12.6) lib/puma/configuration.rb:227:in `call'
puma (3.12.6) lib/puma/server.rb:706:in `handle_request'
puma (3.12.6) lib/puma/server.rb:476:in `process_client'
puma (3.12.6) lib/puma/server.rb:334:in `block in run'
puma (3.12.6) lib/puma/thread_pool.rb:135:in `block in spawn_thread'
Started POST "/users/new" for ::1 at 2020-12-12 11:53:41 -0500
  
ActionController::RoutingError (No route matches [POST] "/users/new"):
  
actionpack (5.2.4.4) lib/action_dispatch/middleware/debug_exceptions.rb:65:in `call'
web-console (3.7.0) lib/web_console/middleware.rb:135:in `call_app'
web-console (3.7.0) lib/web_console/middleware.rb:30:in `block in call'
web-console (3.7.0) lib/web_console/middleware.rb:20:in `catch'
web-console (3.7.0) lib/web_console/middleware.rb:20:in `call'
actionpack (5.2.4.4) lib/action_dispatch/middleware/show_exceptions.rb:33:in `call'
railties (5.2.4.4) lib/rails/rack/logger.rb:38:in `call_app'
railties (5.2.4.4) lib/rails/rack/logger.rb:26:in `block in call'
activesupport (5.2.4.4) lib/active_support/tagged_logging.rb:71:in `block in tagged'
activesupport (5.2.4.4) lib/active_support/tagged_logging.rb:28:in `tagged'
activesupport (5.2.4.4) lib/active_support/tagged_logging.rb:71:in `tagged'
railties (5.2.4.4) lib/rails/rack/logger.rb:26:in `call'
sprockets-rails (3.2.2) lib/sprockets/rails/quiet_assets.rb:13:in `call'
actionpack (5.2.4.4) lib/action_dispatch/middleware/remote_ip.rb:81:in `call'
actionpack (5.2.4.4) lib/action_dispatch/middleware/request_id.rb:27:in `call'
rack (2.2.3) lib/rack/method_override.rb:24:in `call'
rack (2.2.3) lib/rack/runtime.rb:22:in `call'
activesupport (5.2.4.4) lib/active_support/cache/strategy/local_cache_middleware.rb:29:in `call'
actionpack (5.2.4.4) lib/action_dispatch/middleware/executor.rb:14:in `call'
actionpack (5.2.4.4) lib/action_dispatch/middleware/static.rb:127:in `call'
rack (2.2.3) lib/rack/sendfile.rb:110:in `call'
railties (5.2.4.4) lib/rails/engine.rb:524:in `call'
puma (3.12.6) lib/puma/configuration.rb:227:in `call'
puma (3.12.6) lib/puma/server.rb:706:in `handle_request'
puma (3.12.6) lib/puma/server.rb:476:in `process_client'
puma (3.12.6) lib/puma/server.rb:334:in `block in run'
puma (3.12.6) lib/puma/thread_pool.rb:135:in `block in spawn_thread'
Started POST "/users/new" for ::1 at 2020-12-12 11:54:03 -0500
  
ActionController::RoutingError (No route matches [POST] "/users/new"):
  
actionpack (5.2.4.4) lib/action_dispatch/middleware/debug_exceptions.rb:65:in `call'
web-console (3.7.0) lib/web_console/middleware.rb:135:in `call_app'
web-console (3.7.0) lib/web_console/middleware.rb:30:in `block in call'
web-console (3.7.0) lib/web_console/middleware.rb:20:in `catch'
web-console (3.7.0) lib/web_console/middleware.rb:20:in `call'
actionpack (5.2.4.4) lib/action_dispatch/middleware/show_exceptions.rb:33:in `call'
railties (5.2.4.4) lib/rails/rack/logger.rb:38:in `call_app'
railties (5.2.4.4) lib/rails/rack/logger.rb:26:in `block in call'
activesupport (5.2.4.4) lib/active_support/tagged_logging.rb:71:in `block in tagged'
activesupport (5.2.4.4) lib/active_support/tagged_logging.rb:28:in `tagged'
activesupport (5.2.4.4) lib/active_support/tagged_logging.rb:71:in `tagged'
railties (5.2.4.4) lib/rails/rack/logger.rb:26:in `call'
sprockets-rails (3.2.2) lib/sprockets/rails/quiet_assets.rb:13:in `call'
actionpack (5.2.4.4) lib/action_dispatch/middleware/remote_ip.rb:81:in `call'
actionpack (5.2.4.4) lib/action_dispatch/middleware/request_id.rb:27:in `call'
rack (2.2.3) lib/rack/method_override.rb:24:in `call'
rack (2.2.3) lib/rack/runtime.rb:22:in `call'
activesupport (5.2.4.4) lib/active_support/cache/strategy/local_cache_middleware.rb:29:in `call'
actionpack (5.2.4.4) lib/action_dispatch/middleware/executor.rb:14:in `call'
actionpack (5.2.4.4) lib/action_dispatch/middleware/static.rb:127:in `call'
rack (2.2.3) lib/rack/sendfile.rb:110:in `call'
railties (5.2.4.4) lib/rails/engine.rb:524:in `call'
puma (3.12.6) lib/puma/configuration.rb:227:in `call'
puma (3.12.6) lib/puma/server.rb:706:in `handle_request'
puma (3.12.6) lib/puma/server.rb:476:in `process_client'
puma (3.12.6) lib/puma/server.rb:334:in `block in run'
puma (3.12.6) lib/puma/thread_pool.rb:135:in `block in spawn_thread'
Started POST "/users/new" for ::1 at 2020-12-12 11:55:38 -0500
  
ActionController::RoutingError (No route matches [POST] "/users/new"):
  
actionpack (5.2.4.4) lib/action_dispatch/middleware/debug_exceptions.rb:65:in `call'
web-console (3.7.0) lib/web_console/middleware.rb:135:in `call_app'
web-console (3.7.0) lib/web_console/middleware.rb:30:in `block in call'
web-console (3.7.0) lib/web_console/middleware.rb:20:in `catch'
web-console (3.7.0) lib/web_console/middleware.rb:20:in `call'
actionpack (5.2.4.4) lib/action_dispatch/middleware/show_exceptions.rb:33:in `call'
railties (5.2.4.4) lib/rails/rack/logger.rb:38:in `call_app'
railties (5.2.4.4) lib/rails/rack/logger.rb:26:in `block in call'
activesupport (5.2.4.4) lib/active_support/tagged_logging.rb:71:in `block in tagged'
activesupport (5.2.4.4) lib/active_support/tagged_logging.rb:28:in `tagged'
activesupport (5.2.4.4) lib/active_support/tagged_logging.rb:71:in `tagged'
railties (5.2.4.4) lib/rails/rack/logger.rb:26:in `call'
sprockets-rails (3.2.2) lib/sprockets/rails/quiet_assets.rb:13:in `call'
actionpack (5.2.4.4) lib/action_dispatch/middleware/remote_ip.rb:81:in `call'
actionpack (5.2.4.4) lib/action_dispatch/middleware/request_id.rb:27:in `call'
rack (2.2.3) lib/rack/method_override.rb:24:in `call'
rack (2.2.3) lib/rack/runtime.rb:22:in `call'
activesupport (5.2.4.4) lib/active_support/cache/strategy/local_cache_middleware.rb:29:in `call'
actionpack (5.2.4.4) lib/action_dispatch/middleware/executor.rb:14:in `call'
actionpack (5.2.4.4) lib/action_dispatch/middleware/static.rb:127:in `call'
rack (2.2.3) lib/rack/sendfile.rb:110:in `call'
railties (5.2.4.4) lib/rails/engine.rb:524:in `call'
puma (3.12.6) lib/puma/configuration.rb:227:in `call'
puma (3.12.6) lib/puma/server.rb:706:in `handle_request'
puma (3.12.6) lib/puma/server.rb:476:in `process_client'
puma (3.12.6) lib/puma/server.rb:334:in `block in run'
puma (3.12.6) lib/puma/thread_pool.rb:135:in `block in spawn_thread'
Started GET "/users/new" for ::1 at 2020-12-12 11:55:48 -0500
Processing by UsersController#new as HTML
  Rendering users/new.html.erb within layouts/application
  Rendered users/new.html.erb within layouts/application (0.7ms)
Completed 200 OK in 41ms (Views: 39.8ms | ActiveRecord: 0.0ms)


Started POST "/users/new" for ::1 at 2020-12-12 11:55:53 -0500
  
ActionController::RoutingError (No route matches [POST] "/users/new"):
  
actionpack (5.2.4.4) lib/action_dispatch/middleware/debug_exceptions.rb:65:in `call'
web-console (3.7.0) lib/web_console/middleware.rb:135:in `call_app'
web-console (3.7.0) lib/web_console/middleware.rb:30:in `block in call'
web-console (3.7.0) lib/web_console/middleware.rb:20:in `catch'
web-console (3.7.0) lib/web_console/middleware.rb:20:in `call'
actionpack (5.2.4.4) lib/action_dispatch/middleware/show_exceptions.rb:33:in `call'
railties (5.2.4.4) lib/rails/rack/logger.rb:38:in `call_app'
railties (5.2.4.4) lib/rails/rack/logger.rb:26:in `block in call'
activesupport (5.2.4.4) lib/active_support/tagged_logging.rb:71:in `block in tagged'
activesupport (5.2.4.4) lib/active_support/tagged_logging.rb:28:in `tagged'
activesupport (5.2.4.4) lib/active_support/tagged_logging.rb:71:in `tagged'
railties (5.2.4.4) lib/rails/rack/logger.rb:26:in `call'
sprockets-rails (3.2.2) lib/sprockets/rails/quiet_assets.rb:13:in `call'
actionpack (5.2.4.4) lib/action_dispatch/middleware/remote_ip.rb:81:in `call'
actionpack (5.2.4.4) lib/action_dispatch/middleware/request_id.rb:27:in `call'
rack (2.2.3) lib/rack/method_override.rb:24:in `call'
rack (2.2.3) lib/rack/runtime.rb:22:in `call'
activesupport (5.2.4.4) lib/active_support/cache/strategy/local_cache_middleware.rb:29:in `call'
actionpack (5.2.4.4) lib/action_dispatch/middleware/executor.rb:14:in `call'
actionpack (5.2.4.4) lib/action_dispatch/middleware/static.rb:127:in `call'
rack (2.2.3) lib/rack/sendfile.rb:110:in `call'
railties (5.2.4.4) lib/rails/engine.rb:524:in `call'
puma (3.12.6) lib/puma/configuration.rb:227:in `call'
puma (3.12.6) lib/puma/server.rb:706:in `handle_request'
puma (3.12.6) lib/puma/server.rb:476:in `process_client'
puma (3.12.6) lib/puma/server.rb:334:in `block in run'
puma (3.12.6) lib/puma/thread_pool.rb:135:in `block in spawn_thread'
Started GET "/users/new" for ::1 at 2020-12-12 11:56:28 -0500
Processing by UsersController#new as HTML
  Rendering users/new.html.erb within layouts/application
  Rendered users/new.html.erb within layouts/application (0.9ms)
Completed 200 OK in 44ms (Views: 43.3ms | ActiveRecord: 0.0ms)


Started POST "/users/new" for ::1 at 2020-12-12 11:56:33 -0500
  
ActionController::RoutingError (No route matches [POST] "/users/new"):
  
actionpack (5.2.4.4) lib/action_dispatch/middleware/debug_exceptions.rb:65:in `call'
web-console (3.7.0) lib/web_console/middleware.rb:135:in `call_app'
web-console (3.7.0) lib/web_console/middleware.rb:30:in `block in call'
web-console (3.7.0) lib/web_console/middleware.rb:20:in `catch'
web-console (3.7.0) lib/web_console/middleware.rb:20:in `call'
actionpack (5.2.4.4) lib/action_dispatch/middleware/show_exceptions.rb:33:in `call'
railties (5.2.4.4) lib/rails/rack/logger.rb:38:in `call_app'
railties (5.2.4.4) lib/rails/rack/logger.rb:26:in `block in call'
activesupport (5.2.4.4) lib/active_support/tagged_logging.rb:71:in `block in tagged'
activesupport (5.2.4.4) lib/active_support/tagged_logging.rb:28:in `tagged'
activesupport (5.2.4.4) lib/active_support/tagged_logging.rb:71:in `tagged'
railties (5.2.4.4) lib/rails/rack/logger.rb:26:in `call'
sprockets-rails (3.2.2) lib/sprockets/rails/quiet_assets.rb:13:in `call'
actionpack (5.2.4.4) lib/action_dispatch/middleware/remote_ip.rb:81:in `call'
actionpack (5.2.4.4) lib/action_dispatch/middleware/request_id.rb:27:in `call'
rack (2.2.3) lib/rack/method_override.rb:24:in `call'
rack (2.2.3) lib/rack/runtime.rb:22:in `call'
activesupport (5.2.4.4) lib/active_support/cache/strategy/local_cache_middleware.rb:29:in `call'
actionpack (5.2.4.4) lib/action_dispatch/middleware/executor.rb:14:in `call'
actionpack (5.2.4.4) lib/action_dispatch/middleware/static.rb:127:in `call'
rack (2.2.3) lib/rack/sendfile.rb:110:in `call'
railties (5.2.4.4) lib/rails/engine.rb:524:in `call'
puma (3.12.6) lib/puma/configuration.rb:227:in `call'
puma (3.12.6) lib/puma/server.rb:706:in `handle_request'
puma (3.12.6) lib/puma/server.rb:476:in `process_client'
puma (3.12.6) lib/puma/server.rb:334:in `block in run'
puma (3.12.6) lib/puma/thread_pool.rb:135:in `block in spawn_thread'
Started GET "/users/new" for ::1 at 2020-12-12 11:57:38 -0500
Processing by UsersController#new as HTML
  Rendering users/new.html.erb within layouts/application
  Rendered users/new.html.erb within layouts/application (2.9ms)
Completed 500 Internal Server Error in 23ms (ActiveRecord: 0.0ms)


  
ActionView::Template::Error (No route matches {:action=>"show", :controller=>"users"}, missing required keys: [:id]):
    1: <h1>Sign Up</h1>
    2: 
    3: <form action="<% user_url %>" method="POST">
    4:     <input type="hidden" name="authenticity_token" value="<% form_authenticity_token %>">
    5:     
    6:     <label>email<br>
  
app/views/users/new.html.erb:3:in `_app_views_users_new_html_erb___2531649193165901049_70366583004460'
app/controllers/users_controller.rb:18:in `new'
Started GET "/users/new" for ::1 at 2020-12-12 11:57:55 -0500
Processing by UsersController#new as HTML
  Rendering users/new.html.erb within layouts/application
  Rendered users/new.html.erb within layouts/application (0.8ms)
Completed 200 OK in 47ms (Views: 46.7ms | ActiveRecord: 0.0ms)


Started POST "/users/new" for ::1 at 2020-12-12 11:58:00 -0500
  
ActionController::RoutingError (No route matches [POST] "/users/new"):
  
actionpack (5.2.4.4) lib/action_dispatch/middleware/debug_exceptions.rb:65:in `call'
web-console (3.7.0) lib/web_console/middleware.rb:135:in `call_app'
web-console (3.7.0) lib/web_console/middleware.rb:30:in `block in call'
web-console (3.7.0) lib/web_console/middleware.rb:20:in `catch'
web-console (3.7.0) lib/web_console/middleware.rb:20:in `call'
actionpack (5.2.4.4) lib/action_dispatch/middleware/show_exceptions.rb:33:in `call'
railties (5.2.4.4) lib/rails/rack/logger.rb:38:in `call_app'
railties (5.2.4.4) lib/rails/rack/logger.rb:26:in `block in call'
activesupport (5.2.4.4) lib/active_support/tagged_logging.rb:71:in `block in tagged'
activesupport (5.2.4.4) lib/active_support/tagged_logging.rb:28:in `tagged'
activesupport (5.2.4.4) lib/active_support/tagged_logging.rb:71:in `tagged'
railties (5.2.4.4) lib/rails/rack/logger.rb:26:in `call'
sprockets-rails (3.2.2) lib/sprockets/rails/quiet_assets.rb:13:in `call'
actionpack (5.2.4.4) lib/action_dispatch/middleware/remote_ip.rb:81:in `call'
actionpack (5.2.4.4) lib/action_dispatch/middleware/request_id.rb:27:in `call'
rack (2.2.3) lib/rack/method_override.rb:24:in `call'
rack (2.2.3) lib/rack/runtime.rb:22:in `call'
activesupport (5.2.4.4) lib/active_support/cache/strategy/local_cache_middleware.rb:29:in `call'
actionpack (5.2.4.4) lib/action_dispatch/middleware/executor.rb:14:in `call'
actionpack (5.2.4.4) lib/action_dispatch/middleware/static.rb:127:in `call'
rack (2.2.3) lib/rack/sendfile.rb:110:in `call'
railties (5.2.4.4) lib/rails/engine.rb:524:in `call'
puma (3.12.6) lib/puma/configuration.rb:227:in `call'
puma (3.12.6) lib/puma/server.rb:706:in `handle_request'
puma (3.12.6) lib/puma/server.rb:476:in `process_client'
puma (3.12.6) lib/puma/server.rb:334:in `block in run'
puma (3.12.6) lib/puma/thread_pool.rb:135:in `block in spawn_thread'
Started PUT "/__web_console/repl_sessions/3c3faa4891cd7e0a750f39de6ec6f297" for ::1 at 2020-12-12 11:59:01 -0500
Started PUT "/__web_console/repl_sessions/3c3faa4891cd7e0a750f39de6ec6f297" for ::1 at 2020-12-12 11:59:02 -0500
Started PUT "/__web_console/repl_sessions/3c3faa4891cd7e0a750f39de6ec6f297" for ::1 at 2020-12-12 11:59:06 -0500
Started GET "/rails/info/routes?path=users" for ::1 at 2020-12-12 11:59:20 -0500
Processing by Rails::InfoController#routes as */*
  Parameters: {"path"=>"users"}
Completed 200 OK in 1ms (Views: 0.2ms | ActiveRecord: 0.0ms)


Started GET "/rails/info/routes?path=users/creat" for ::1 at 2020-12-12 11:59:23 -0500
Processing by Rails::InfoController#routes as */*
  Parameters: {"path"=>"users/creat"}
Completed 200 OK in 1ms (Views: 0.2ms | ActiveRecord: 0.0ms)


Started GET "/rails/info/routes?path=users/create" for ::1 at 2020-12-12 11:59:23 -0500
Processing by Rails::InfoController#routes as */*
  Parameters: {"path"=>"users/create"}
Completed 200 OK in 2ms (Views: 0.3ms | ActiveRecord: 0.0ms)


Started GET "/users/new" for ::1 at 2020-12-12 12:00:14 -0500
Processing by UsersController#new as HTML
  Rendering users/new.html.erb within layouts/application
  Rendered users/new.html.erb within layouts/application (0.5ms)
Completed 200 OK in 30ms (Views: 29.8ms | ActiveRecord: 0.0ms)


Started GET "/users/new" for ::1 at 2020-12-12 12:02:32 -0500
Processing by UsersController#new as HTML
  Rendering users/new.html.erb within layouts/application
  Rendered users/new.html.erb within layouts/application (1.4ms)
Completed 200 OK in 46ms (Views: 43.1ms | ActiveRecord: 0.0ms)


Started POST "/users" for ::1 at 2020-12-12 12:02:37 -0500
Processing by UsersController#create as HTML
  Parameters: {"authenticity_token"=>"otRoQaaxXSpWBGQcMsBvlO8X0OLrv/SPYZwAFMny5Zq5MqEB9ZNBOnQ5CAsekSstv3MBn0Aui1UgwziPkrgh0Q==", "user"=>{"email"=>"pizzaman@pizzafans.com", "password"=>"[FILTERED]"}}
  [1m[35m (0.2ms)[0m  [1m[35mBEGIN[0m
  ↳ app/controllers/users_controller.rb:23
  [1m[36mUser Exists (25.2ms)[0m  [1m[34mSELECT  1 AS one FROM "users" WHERE "users"."email" = $1 LIMIT $2[0m  [["email", "pizzaman@pizzafans.com"], ["LIMIT", 1]]
  ↳ app/controllers/users_controller.rb:23
  [1m[36mUser Exists (0.4ms)[0m  [1m[34mSELECT  1 AS one FROM "users" WHERE "users"."session_token" = $1 LIMIT $2[0m  [["session_token", "D-rwx00GG6RS0CSY-J58cQ"], ["LIMIT", 1]]
  ↳ app/controllers/users_controller.rb:23
  [1m[36mUser Exists (1.0ms)[0m  [1m[34mSELECT  1 AS one FROM "users" WHERE "users"."password_digest" = $1 LIMIT $2[0m  [["password_digest", "$2a$12$57cwzlRRHOfSF8kYdNOiTelMWEJdQmKf35vz2a1OjF9h7fanKgCG2"], ["LIMIT", 1]]
  ↳ app/controllers/users_controller.rb:23
  [1m[36mUser Create (1.0ms)[0m  [1m[32mINSERT INTO "users" ("email", "password_digest", "session_token", "created_at", "updated_at") VALUES ($1, $2, $3, $4, $5) RETURNING "id"[0m  [["email", "pizzaman@pizzafans.com"], ["password_digest", "$2a$12$57cwzlRRHOfSF8kYdNOiTelMWEJdQmKf35vz2a1OjF9h7fanKgCG2"], ["session_token", "D-rwx00GG6RS0CSY-J58cQ"], ["created_at", "2020-12-12 17:02:38.298931"], ["updated_at", "2020-12-12 17:02:38.298931"]]
  ↳ app/controllers/users_controller.rb:23
  [1m[35m (7.4ms)[0m  [1m[35mCOMMIT[0m
  ↳ app/controllers/users_controller.rb:23
  [1m[35m (0.2ms)[0m  [1m[35mBEGIN[0m
  ↳ app/models/user.rb:43
  [1m[36mUser Exists (0.9ms)[0m  [1m[34mSELECT  1 AS one FROM "users" WHERE "users"."email" = $1 AND "users"."id" != $2 LIMIT $3[0m  [["email", "pizzaman@pizzafans.com"], ["id", 3], ["LIMIT", 1]]
  ↳ app/models/user.rb:43
  [1m[36mUser Exists (0.4ms)[0m  [1m[34mSELECT  1 AS one FROM "users" WHERE "users"."session_token" = $1 AND "users"."id" != $2 LIMIT $3[0m  [["session_token", "MCn-c1SBGv6x3-WjCLz58w"], ["id", 3], ["LIMIT", 1]]
  ↳ app/models/user.rb:43
  [1m[36mUser Exists (0.3ms)[0m  [1m[34mSELECT  1 AS one FROM "users" WHERE "users"."password_digest" = $1 AND "users"."id" != $2 LIMIT $3[0m  [["password_digest", "$2a$12$57cwzlRRHOfSF8kYdNOiTelMWEJdQmKf35vz2a1OjF9h7fanKgCG2"], ["id", 3], ["LIMIT", 1]]
  ↳ app/models/user.rb:43
  [1m[36mUser Update (0.4ms)[0m  [1m[33mUPDATE "users" SET "session_token" = $1, "updated_at" = $2 WHERE "users"."id" = $3[0m  [["session_token", "MCn-c1SBGv6x3-WjCLz58w"], ["updated_at", "2020-12-12 17:02:38.426632"], ["id", 3]]
  ↳ app/models/user.rb:43
  [1m[35m (1.9ms)[0m  [1m[35mCOMMIT[0m
  ↳ app/models/user.rb:43
Redirected to http://localhost:3000/users/3
Completed 302 Found in 473ms (ActiveRecord: 39.4ms)


Started GET "/users/3" for ::1 at 2020-12-12 12:02:38 -0500
Processing by UsersController#show as HTML
  Parameters: {"id"=>"3"}
  [1m[36mUser Load (0.3ms)[0m  [1m[34mSELECT  "users".* FROM "users" WHERE "users"."session_token" = $1 LIMIT $2[0m  [["session_token", "MCn-c1SBGv6x3-WjCLz58w"], ["LIMIT", 1]]
  ↳ app/controllers/application_controller.rb:6
  [1m[36mUser Load (0.3ms)[0m  [1m[34mSELECT  "users".* FROM "users" WHERE "users"."id" IS NULL LIMIT $1[0m  [["LIMIT", 1]]
  ↳ app/controllers/users_controller.rb:9
  Rendering users/show.html.erb within layouts/application
  Rendered users/show.html.erb within layouts/application (0.4ms)
Completed 200 OK in 73ms (Views: 41.6ms | ActiveRecord: 0.8ms)


  [1m[36mUser Load (0.8ms)[0m  [1m[34mSELECT  "users".* FROM "users" LIMIT $1[0m  [["LIMIT", 11]]
  [1m[36mUser Load (1.6ms)[0m  [1m[34mSELECT "users".* FROM "users"[0m
Started GET "/sessions/new" for ::1 at 2020-12-12 12:04:23 -0500
Processing by SessionsController#new as HTML
  Rendering sessions/new.html.erb within layouts/application
  Rendered sessions/new.html.erb within layouts/application (0.7ms)
Completed 200 OK in 37ms (Views: 36.0ms | ActiveRecord: 0.0ms)


Started GET "/sessions" for ::1 at 2020-12-12 12:04:26 -0500
  
ActionController::RoutingError (No route matches [GET] "/sessions"):
  
actionpack (5.2.4.4) lib/action_dispatch/middleware/debug_exceptions.rb:65:in `call'
web-console (3.7.0) lib/web_console/middleware.rb:135:in `call_app'
web-console (3.7.0) lib/web_console/middleware.rb:30:in `block in call'
web-console (3.7.0) lib/web_console/middleware.rb:20:in `catch'
web-console (3.7.0) lib/web_console/middleware.rb:20:in `call'
actionpack (5.2.4.4) lib/action_dispatch/middleware/show_exceptions.rb:33:in `call'
railties (5.2.4.4) lib/rails/rack/logger.rb:38:in `call_app'
railties (5.2.4.4) lib/rails/rack/logger.rb:26:in `block in call'
activesupport (5.2.4.4) lib/active_support/tagged_logging.rb:71:in `block in tagged'
activesupport (5.2.4.4) lib/active_support/tagged_logging.rb:28:in `tagged'
activesupport (5.2.4.4) lib/active_support/tagged_logging.rb:71:in `tagged'
railties (5.2.4.4) lib/rails/rack/logger.rb:26:in `call'
sprockets-rails (3.2.2) lib/sprockets/rails/quiet_assets.rb:13:in `call'
actionpack (5.2.4.4) lib/action_dispatch/middleware/remote_ip.rb:81:in `call'
actionpack (5.2.4.4) lib/action_dispatch/middleware/request_id.rb:27:in `call'
rack (2.2.3) lib/rack/method_override.rb:24:in `call'
rack (2.2.3) lib/rack/runtime.rb:22:in `call'
activesupport (5.2.4.4) lib/active_support/cache/strategy/local_cache_middleware.rb:29:in `call'
actionpack (5.2.4.4) lib/action_dispatch/middleware/executor.rb:14:in `call'
actionpack (5.2.4.4) lib/action_dispatch/middleware/static.rb:127:in `call'
rack (2.2.3) lib/rack/sendfile.rb:110:in `call'
railties (5.2.4.4) lib/rails/engine.rb:524:in `call'
puma (3.12.6) lib/puma/configuration.rb:227:in `call'
puma (3.12.6) lib/puma/server.rb:706:in `handle_request'
puma (3.12.6) lib/puma/server.rb:476:in `process_client'
puma (3.12.6) lib/puma/server.rb:334:in `block in run'
puma (3.12.6) lib/puma/thread_pool.rb:135:in `block in spawn_thread'
Started GET "/sessions/new" for ::1 at 2020-12-12 12:04:30 -0500
Processing by SessionsController#new as HTML
  Rendering sessions/new.html.erb within layouts/application
  Rendered sessions/new.html.erb within layouts/application (0.6ms)
Completed 200 OK in 41ms (Views: 40.3ms | ActiveRecord: 0.0ms)


Started POST "/users" for ::1 at 2020-12-12 12:04:36 -0500
Processing by UsersController#create as HTML
  Parameters: {"authenticity_token"=>"WJQO409PCkk5RNdWY464u4NSz7NInxqoHqX26vpjRM5DcsejHG0WWRt5u0FP3/wC0zYezuMOZXJf+s5xoSmAhQ==", "user"=>{"email"=>"pizzaman@pizzafans.com", "password"=>"[FILTERED]"}}
  [1m[35m (0.3ms)[0m  [1m[35mBEGIN[0m
  ↳ app/controllers/users_controller.rb:23
  [1m[36mUser Exists (0.5ms)[0m  [1m[34mSELECT  1 AS one FROM "users" WHERE "users"."email" = $1 LIMIT $2[0m  [["email", "pizzaman@pizzafans.com"], ["LIMIT", 1]]
  ↳ app/controllers/users_controller.rb:23
  [1m[36mUser Exists (0.4ms)[0m  [1m[34mSELECT  1 AS one FROM "users" WHERE "users"."session_token" = $1 LIMIT $2[0m  [["session_token", "aDNBZjrZI71UfKFMdmWiWw"], ["LIMIT", 1]]
  ↳ app/controllers/users_controller.rb:23
  [1m[36mUser Exists (0.5ms)[0m  [1m[34mSELECT  1 AS one FROM "users" WHERE "users"."password_digest" = $1 LIMIT $2[0m  [["password_digest", "$2a$12$s9/mM2Zz9FogclmeVulFlOtgCMXpHUr/UZJBhVIB8G30d0lkY0JLu"], ["LIMIT", 1]]
  ↳ app/controllers/users_controller.rb:23
  [1m[35m (0.5ms)[0m  [1m[31mROLLBACK[0m
  ↳ app/controllers/users_controller.rb:23
Redirected to http://localhost:3000/users/new
Completed 302 Found in 316ms (ActiveRecord: 2.2ms)


Started GET "/users/new" for ::1 at 2020-12-12 12:04:37 -0500
Processing by UsersController#new as HTML
  Rendering users/new.html.erb within layouts/application
  Rendered users/new.html.erb within layouts/application (0.8ms)
Completed 200 OK in 42ms (Views: 41.0ms | ActiveRecord: 0.0ms)


Started POST "/users" for ::1 at 2020-12-12 12:05:45 -0500
Processing by UsersController#create as HTML
  Parameters: {"authenticity_token"=>"WJQO409PCkk5RNdWY464u4NSz7NInxqoHqX26vpjRM5DcsejHG0WWRt5u0FP3/wC0zYezuMOZXJf+s5xoSmAhQ==", "user"=>{"email"=>"pizzaman@pizzafans.com", "password"=>"[FILTERED]"}}
  [1m[35m (0.3ms)[0m  [1m[35mBEGIN[0m
  ↳ app/controllers/users_controller.rb:23
  [1m[36mUser Exists (25.5ms)[0m  [1m[34mSELECT  1 AS one FROM "users" WHERE "users"."email" = $1 LIMIT $2[0m  [["email", "pizzaman@pizzafans.com"], ["LIMIT", 1]]
  ↳ app/controllers/users_controller.rb:23
  [1m[36mUser Exists (1.3ms)[0m  [1m[34mSELECT  1 AS one FROM "users" WHERE "users"."session_token" = $1 LIMIT $2[0m  [["session_token", "PvivdvD3wvBTQLzUjncqiQ"], ["LIMIT", 1]]
  ↳ app/controllers/users_controller.rb:23
  [1m[36mUser Exists (0.6ms)[0m  [1m[34mSELECT  1 AS one FROM "users" WHERE "users"."password_digest" = $1 LIMIT $2[0m  [["password_digest", "$2a$12$ulW0IRud/cMDJNocSzF1q.S4taZZ6qkciEscUmrYp3KmGlnMEBHPW"], ["LIMIT", 1]]
  ↳ app/controllers/users_controller.rb:23
  [1m[35m (0.3ms)[0m  [1m[31mROLLBACK[0m
  ↳ app/controllers/users_controller.rb:23
Redirected to http://localhost:3000/users/new
Completed 302 Found in 365ms (ActiveRecord: 35.6ms)


Started GET "/users/new" for ::1 at 2020-12-12 12:05:46 -0500
Processing by UsersController#new as HTML
  Rendering users/new.html.erb within layouts/application
  Rendered users/new.html.erb within layouts/application (1.1ms)
Completed 200 OK in 43ms (Views: 41.8ms | ActiveRecord: 0.0ms)


Started POST "/users" for ::1 at 2020-12-12 12:06:10 -0500
Processing by UsersController#create as HTML
  Parameters: {"authenticity_token"=>"WJQO409PCkk5RNdWY464u4NSz7NInxqoHqX26vpjRM5DcsejHG0WWRt5u0FP3/wC0zYezuMOZXJf+s5xoSmAhQ==", "user"=>{"email"=>"pizzaman@pizzafans.com", "password"=>"[FILTERED]"}}
  [1m[35m (0.2ms)[0m  [1m[35mBEGIN[0m
  ↳ app/controllers/users_controller.rb:23
  [1m[36mUser Exists (0.4ms)[0m  [1m[34mSELECT  1 AS one FROM "users" WHERE "users"."email" = $1 LIMIT $2[0m  [["email", "pizzaman@pizzafans.com"], ["LIMIT", 1]]
  ↳ app/controllers/users_controller.rb:23
  [1m[36mUser Exists (0.4ms)[0m  [1m[34mSELECT  1 AS one FROM "users" WHERE "users"."session_token" = $1 LIMIT $2[0m  [["session_token", "DkVwbvR_xLEXnNu1y0eNAA"], ["LIMIT", 1]]
  ↳ app/controllers/users_controller.rb:23
  [1m[36mUser Exists (0.3ms)[0m  [1m[34mSELECT  1 AS one FROM "users" WHERE "users"."password_digest" = $1 LIMIT $2[0m  [["password_digest", "$2a$12$f109KsDySZ2fIk6.LNwLZOX7Kt51M2Q/oxdTxmtmEbAKxVHdptv8G"], ["LIMIT", 1]]
  ↳ app/controllers/users_controller.rb:23
  [1m[35m (0.3ms)[0m  [1m[31mROLLBACK[0m
  ↳ app/controllers/users_controller.rb:23
Redirected to http://localhost:3000/users/new
Completed 302 Found in 299ms (ActiveRecord: 1.6ms)


Started GET "/users/new" for ::1 at 2020-12-12 12:06:10 -0500
Processing by UsersController#new as HTML
  Rendering users/new.html.erb within layouts/application
  Rendered users/new.html.erb within layouts/application (0.7ms)
Completed 200 OK in 43ms (Views: 41.7ms | ActiveRecord: 0.0ms)


Started GET "/sessions/new" for ::1 at 2020-12-12 12:08:37 -0500
Processing by SessionsController#new as HTML
  Rendering sessions/new.html.erb within layouts/application
  Rendered sessions/new.html.erb within layouts/application (1.4ms)
Completed 200 OK in 68ms (Views: 66.5ms | ActiveRecord: 0.0ms)


Started POST "/users" for ::1 at 2020-12-12 12:08:39 -0500
Processing by UsersController#create as HTML
  Parameters: {"authenticity_token"=>"Y/lX5xYw6kXuGP9k4Cp2g++rOgvsIPhGYeR8K0mzl3d4H56nRRL2Vcwlk3PMezI6v8/rdkexh5wgu0SwEvlTPA==", "user"=>{"email"=>"", "password"=>"[FILTERED]"}}
  [1m[35m (0.2ms)[0m  [1m[35mBEGIN[0m
  ↳ app/controllers/users_controller.rb:23
  [1m[36mUser Exists (0.4ms)[0m  [1m[34mSELECT  1 AS one FROM "users" WHERE "users"."email" = $1 LIMIT $2[0m  [["email", ""], ["LIMIT", 1]]
  ↳ app/controllers/users_controller.rb:23
  [1m[36mUser Exists (0.4ms)[0m  [1m[34mSELECT  1 AS one FROM "users" WHERE "users"."session_token" = $1 LIMIT $2[0m  [["session_token", "mtUdf1qr5tVOLMi7vOIDNw"], ["LIMIT", 1]]
  ↳ app/controllers/users_controller.rb:23
  [1m[36mUser Exists (0.4ms)[0m  [1m[34mSELECT  1 AS one FROM "users" WHERE "users"."password_digest" = $1 LIMIT $2[0m  [["password_digest", "$2a$12$kJazFiuQUBXLPDq/gLwJi.hUlFL7B2njGjETNY0LuYQks/ztU3ovG"], ["LIMIT", 1]]
  ↳ app/controllers/users_controller.rb:23
  [1m[35m (0.2ms)[0m  [1m[31mROLLBACK[0m
  ↳ app/controllers/users_controller.rb:23
Redirected to http://localhost:3000/users/new
Completed 302 Found in 287ms (ActiveRecord: 1.5ms)


Started GET "/users/new" for ::1 at 2020-12-12 12:08:39 -0500
Processing by UsersController#new as HTML
  Rendering users/new.html.erb within layouts/application
  Rendered users/new.html.erb within layouts/application (0.6ms)
Completed 200 OK in 39ms (Views: 38.6ms | ActiveRecord: 0.0ms)


Started POST "/users" for ::1 at 2020-12-12 12:10:11 -0500
Processing by UsersController#create as HTML
  Parameters: {"authenticity_token"=>"cD0Do1e1ir9pqudDl8ZITw/cAXeW+9pLVRdAvC9I9Ypr28rjBJeWr0uXi1S7lwz2X7jQCj1qpZEUSHgndAIxwQ==", "user"=>{"email"=>"pizzaman@pizzafans.com", "password"=>"[FILTERED]"}}
  [1m[35m (0.2ms)[0m  [1m[35mBEGIN[0m
  ↳ app/controllers/users_controller.rb:23
  [1m[36mUser Exists (0.4ms)[0m  [1m[34mSELECT  1 AS one FROM "users" WHERE "users"."email" = $1 LIMIT $2[0m  [["email", "pizzaman@pizzafans.com"], ["LIMIT", 1]]
  ↳ app/controllers/users_controller.rb:23
  [1m[36mUser Exists (0.5ms)[0m  [1m[34mSELECT  1 AS one FROM "users" WHERE "users"."session_token" = $1 LIMIT $2[0m  [["session_token", "Fg38hy1U-f02tfzk4xL7-w"], ["LIMIT", 1]]
  ↳ app/controllers/users_controller.rb:23
  [1m[36mUser Exists (0.6ms)[0m  [1m[34mSELECT  1 AS one FROM "users" WHERE "users"."password_digest" = $1 LIMIT $2[0m  [["password_digest", "$2a$12$Y83wsEyIJYz9k1yz.SI6G.vEVKyFsRXOwRljPAGuSo7/mqMB2DNc."], ["LIMIT", 1]]
  ↳ app/controllers/users_controller.rb:23
  [1m[35m (0.2ms)[0m  [1m[31mROLLBACK[0m
  ↳ app/controllers/users_controller.rb:23
Redirected to http://localhost:3000/users/new
Completed 302 Found in 288ms (ActiveRecord: 1.8ms)


Started GET "/users/new" for ::1 at 2020-12-12 12:10:12 -0500
Processing by UsersController#new as HTML
  Rendering users/new.html.erb within layouts/application
  Rendered users/new.html.erb within layouts/application (1.6ms)
Completed 200 OK in 46ms (Views: 45.2ms | ActiveRecord: 0.0ms)


Started POST "/users" for ::1 at 2020-12-12 12:10:32 -0500
Processing by UsersController#create as HTML
  Parameters: {"authenticity_token"=>"MfyiBSIDmzzOjI+Ls1dWrgdMkuNA5rJUuqBjr43MHVIqGmtFcSGHLOyx45yfBhIXVyhDnut3zY77/1s01obZGQ==", "user"=>{"email"=>"", "password"=>"[FILTERED]"}}
  [1m[35m (0.2ms)[0m  [1m[35mBEGIN[0m
  ↳ app/controllers/users_controller.rb:23
  [1m[36mUser Exists (0.6ms)[0m  [1m[34mSELECT  1 AS one FROM "users" WHERE "users"."email" = $1 LIMIT $2[0m  [["email", ""], ["LIMIT", 1]]
  ↳ app/controllers/users_controller.rb:23
  [1m[36mUser Exists (0.4ms)[0m  [1m[34mSELECT  1 AS one FROM "users" WHERE "users"."session_token" = $1 LIMIT $2[0m  [["session_token", "Bh8zBpely3i76WRFLzoS3A"], ["LIMIT", 1]]
  ↳ app/controllers/users_controller.rb:23
  [1m[36mUser Exists (0.4ms)[0m  [1m[34mSELECT  1 AS one FROM "users" WHERE "users"."password_digest" = $1 LIMIT $2[0m  [["password_digest", "$2a$12$9qOhpRc3tdzZdyppjjZsUO9WDIgOoMPOCnNFW/OocOzZA7ehfpjji"], ["LIMIT", 1]]
  ↳ app/controllers/users_controller.rb:23
  [1m[35m (0.2ms)[0m  [1m[31mROLLBACK[0m
  ↳ app/controllers/users_controller.rb:23
Redirected to http://localhost:3000/users/new
Completed 302 Found in 324ms (ActiveRecord: 1.9ms)


Started GET "/users/new" for ::1 at 2020-12-12 12:10:33 -0500
Processing by UsersController#new as HTML
  Rendering users/new.html.erb within layouts/application
  Rendered users/new.html.erb within layouts/application (0.6ms)
Completed 200 OK in 40ms (Views: 39.5ms | ActiveRecord: 0.0ms)


Started POST "/users" for ::1 at 2020-12-12 12:10:34 -0500
Processing by UsersController#create as HTML
  Parameters: {"authenticity_token"=>"AQxD4greffnpl4G5EeM+m1CgLl+tF5bm1XznV/cOJ4Ua6oqiWfxh6cuq7a49snoiAMT/IgaG6TyUI9/MrETjzg==", "user"=>{"email"=>"", "password"=>"[FILTERED]"}}
  [1m[35m (0.3ms)[0m  [1m[35mBEGIN[0m
  ↳ app/controllers/users_controller.rb:23
  [1m[36mUser Exists (0.5ms)[0m  [1m[34mSELECT  1 AS one FROM "users" WHERE "users"."email" = $1 LIMIT $2[0m  [["email", ""], ["LIMIT", 1]]
  ↳ app/controllers/users_controller.rb:23
  [1m[36mUser Exists (0.5ms)[0m  [1m[34mSELECT  1 AS one FROM "users" WHERE "users"."session_token" = $1 LIMIT $2[0m  [["session_token", "VOj972LblJcnlpnv-csArw"], ["LIMIT", 1]]
  ↳ app/controllers/users_controller.rb:23
  [1m[36mUser Exists (0.5ms)[0m  [1m[34mSELECT  1 AS one FROM "users" WHERE "users"."password_digest" = $1 LIMIT $2[0m  [["password_digest", "$2a$12$PsJulp3pKqUx1pXTdNB5QOe/9zcxpzlvmPeQcEvS.CoOtu0Xcyiuq"], ["LIMIT", 1]]
  ↳ app/controllers/users_controller.rb:23
  [1m[35m (0.3ms)[0m  [1m[31mROLLBACK[0m
  ↳ app/controllers/users_controller.rb:23
Redirected to http://localhost:3000/users/new
Completed 302 Found in 307ms (ActiveRecord: 2.0ms)


Started GET "/users/new" for ::1 at 2020-12-12 12:10:34 -0500
Processing by UsersController#new as HTML
  Rendering users/new.html.erb within layouts/application
  Rendered users/new.html.erb within layouts/application (0.8ms)
Completed 200 OK in 42ms (Views: 41.9ms | ActiveRecord: 0.0ms)


Started POST "/users" for ::1 at 2020-12-12 12:11:22 -0500
Processing by UsersController#create as HTML
  Parameters: {"authenticity_token"=>"mcehQx9vvQMzMJMurtAfJObp0T0bJCQPKTc4GPwTPzSCIWgDTE2hExEN/zmCgVudto0AQLC1W9VoaACDp1n7fw==", "user"=>{"email"=>"", "password"=>"[FILTERED]"}}
  [1m[35m (0.3ms)[0m  [1m[35mBEGIN[0m
  ↳ app/controllers/users_controller.rb:23
  [1m[36mUser Exists (0.3ms)[0m  [1m[34mSELECT  1 AS one FROM "users" WHERE "users"."email" = $1 LIMIT $2[0m  [["email", ""], ["LIMIT", 1]]
  ↳ app/controllers/users_controller.rb:23
  [1m[36mUser Exists (0.3ms)[0m  [1m[34mSELECT  1 AS one FROM "users" WHERE "users"."session_token" = $1 LIMIT $2[0m  [["session_token", "hfMzadutaA-Ch2a4kBx_AA"], ["LIMIT", 1]]
  ↳ app/controllers/users_controller.rb:23
  [1m[36mUser Exists (0.4ms)[0m  [1m[34mSELECT  1 AS one FROM "users" WHERE "users"."password_digest" = $1 LIMIT $2[0m  [["password_digest", "$2a$12$2az.0iZsORLgHchZr.TI8uGvetb9a7NtEEo.j8HTfkztvgtt3gYFe"], ["LIMIT", 1]]
  ↳ app/controllers/users_controller.rb:23
  [1m[35m (0.2ms)[0m  [1m[31mROLLBACK[0m
  ↳ app/controllers/users_controller.rb:23
Completed 422 Unprocessable Entity in 301ms (ActiveRecord: 4.6ms)


  
ActiveRecord::RecordInvalid (Validation failed: Email can't be blank, Password can't be blank, Password is too short (minimum is 6 characters)):
  
app/controllers/users_controller.rb:23:in `create'
Started GET "/users/new" for ::1 at 2020-12-12 12:11:40 -0500
Processing by UsersController#new as HTML
  Rendering users/new.html.erb within layouts/application
  Rendered users/new.html.erb within layouts/application (0.5ms)
Completed 200 OK in 43ms (Views: 30.4ms | ActiveRecord: 3.6ms)


Started POST "/users" for ::1 at 2020-12-12 12:11:42 -0500
Processing by UsersController#create as HTML
  Parameters: {"authenticity_token"=>"/z8Qx7g8ymO5kmhRrY0RQ+nH8EUFv1Ft7NLkN3jFZQrk2dmH6x7Wc5uvBEaB3FX6uaMhOK4uLretjdysI4+hQQ==", "user"=>{"email"=>"", "password"=>"[FILTERED]"}}
  [1m[35m (0.2ms)[0m  [1m[35mBEGIN[0m
  ↳ app/controllers/users_controller.rb:23
  [1m[36mUser Exists (0.4ms)[0m  [1m[34mSELECT  1 AS one FROM "users" WHERE "users"."email" = $1 LIMIT $2[0m  [["email", ""], ["LIMIT", 1]]
  ↳ app/controllers/users_controller.rb:23
  [1m[36mUser Exists (0.3ms)[0m  [1m[34mSELECT  1 AS one FROM "users" WHERE "users"."session_token" = $1 LIMIT $2[0m  [["session_token", "PVMTeGIucY1ZHpGs1lwulg"], ["LIMIT", 1]]
  ↳ app/controllers/users_controller.rb:23
  [1m[36mUser Exists (0.3ms)[0m  [1m[34mSELECT  1 AS one FROM "users" WHERE "users"."password_digest" = $1 LIMIT $2[0m  [["password_digest", "$2a$12$yTVfuRaKG7dRvvjcxR..Q.J8pjUvLLhZZXUDgqDTdaEAscfBcY0uS"], ["LIMIT", 1]]
  ↳ app/controllers/users_controller.rb:23
  [1m[35m (0.2ms)[0m  [1m[31mROLLBACK[0m
  ↳ app/controllers/users_controller.rb:23
Redirected to http://localhost:3000/users/new
Completed 302 Found in 301ms (ActiveRecord: 1.4ms)


Started GET "/users/new" for ::1 at 2020-12-12 12:11:42 -0500
Processing by UsersController#new as HTML
  Rendering users/new.html.erb within layouts/application
  Rendered users/new.html.erb within layouts/application (0.7ms)
Completed 200 OK in 42ms (Views: 41.3ms | ActiveRecord: 0.0ms)


Started POST "/users" for ::1 at 2020-12-12 12:12:03 -0500
Processing by UsersController#create as HTML
  Parameters: {"authenticity_token"=>"Qt1GDtvaDvmpKJ3EtoP8IN+DhHyeE+kwpfEPvDnUlfRZO49OiPgS6YsV8dOa0riZj+dVATWClurkrjcnYp5Rvw==", "user"=>{"email"=>"", "password"=>"[FILTERED]"}}
  [1m[35m (0.1ms)[0m  [1m[35mBEGIN[0m
  ↳ app/controllers/users_controller.rb:23
  [1m[36mUser Exists (0.4ms)[0m  [1m[34mSELECT  1 AS one FROM "users" WHERE "users"."email" = $1 LIMIT $2[0m  [["email", ""], ["LIMIT", 1]]
  ↳ app/controllers/users_controller.rb:23
  [1m[36mUser Exists (0.9ms)[0m  [1m[34mSELECT  1 AS one FROM "users" WHERE "users"."session_token" = $1 LIMIT $2[0m  [["session_token", "IUBxQUfutPC1UvEmjcP3PA"], ["LIMIT", 1]]
  ↳ app/controllers/users_controller.rb:23
  [1m[36mUser Exists (0.5ms)[0m  [1m[34mSELECT  1 AS one FROM "users" WHERE "users"."password_digest" = $1 LIMIT $2[0m  [["password_digest", "$2a$12$H9uCUpQoDSJU85ETQTp0ge49LcjNdLvPHkuI3cuABWu/6PAGztria"], ["LIMIT", 1]]
  ↳ app/controllers/users_controller.rb:23
  [1m[35m (0.2ms)[0m  [1m[31mROLLBACK[0m
  ↳ app/controllers/users_controller.rb:23
Redirected to http://localhost:3000/users/new
Completed 302 Found in 361ms (ActiveRecord: 4.9ms)


Started GET "/users/new" for ::1 at 2020-12-12 12:12:03 -0500
Processing by UsersController#new as HTML
  Rendering users/new.html.erb within layouts/application
  Rendered users/new.html.erb within layouts/application (0.7ms)
Completed 200 OK in 46ms (Views: 44.8ms | ActiveRecord: 0.0ms)


Started POST "/users" for ::1 at 2020-12-12 12:13:49 -0500
Processing by UsersController#create as HTML
  Parameters: {"authenticity_token"=>"widIBMFVmzD5zDzVIXFZ+hV57YOEpNt+agOgWwbVmf/ZwYFEkneHINvxUMINIB1DRR08/i81pKQrXJjAXZ9dtA==", "user"=>{"email"=>"", "password"=>"[FILTERED]"}}
  [1m[35m (0.2ms)[0m  [1m[35mBEGIN[0m
  ↳ app/controllers/users_controller.rb:23
  [1m[36mUser Exists (0.3ms)[0m  [1m[34mSELECT  1 AS one FROM "users" WHERE "users"."email" = $1 LIMIT $2[0m  [["email", ""], ["LIMIT", 1]]
  ↳ app/controllers/users_controller.rb:23
  [1m[36mUser Exists (0.4ms)[0m  [1m[34mSELECT  1 AS one FROM "users" WHERE "users"."session_token" = $1 LIMIT $2[0m  [["session_token", "uj6blWvaalY8UZYKb4LrbQ"], ["LIMIT", 1]]
  ↳ app/controllers/users_controller.rb:23
  [1m[36mUser Exists (0.4ms)[0m  [1m[34mSELECT  1 AS one FROM "users" WHERE "users"."password_digest" = $1 LIMIT $2[0m  [["password_digest", "$2a$12$Z515MdQB/xq7DeSVyU6ktefAd7gmZp/P34HSF1wPwPTTL.EZRjRwa"], ["LIMIT", 1]]
  ↳ app/controllers/users_controller.rb:23
  [1m[35m (0.2ms)[0m  [1m[31mROLLBACK[0m
  ↳ app/controllers/users_controller.rb:23
Redirected to http://localhost:3000/users/new
Completed 302 Found in 310ms (ActiveRecord: 1.5ms)


Started GET "/users/new" for ::1 at 2020-12-12 12:13:49 -0500
Processing by UsersController#new as HTML
  Rendering users/new.html.erb within layouts/application
  Rendered users/new.html.erb within layouts/application (1.1ms)
Completed 200 OK in 51ms (Views: 50.2ms | ActiveRecord: 0.0ms)


Started GET "/sessions/new" for ::1 at 2020-12-12 12:14:12 -0500
Processing by SessionsController#new as HTML
  Rendering sessions/new.html.erb within layouts/application
  Rendered sessions/new.html.erb within layouts/application (0.8ms)
Completed 200 OK in 57ms (Views: 38.4ms | ActiveRecord: 3.7ms)


Started POST "/users" for ::1 at 2020-12-12 12:14:13 -0500
Processing by UsersController#create as HTML
  Parameters: {"authenticity_token"=>"1pyBWGrsxx7arRkI4I5PC5WCBx+Coj1FWj8J0M/LIz3NekgYOc7bDviQdR/M3wuyxebWYikzQp8bYDFLlIHndg==", "user"=>{"email"=>"", "password"=>"[FILTERED]"}}
  [1m[35m (0.2ms)[0m  [1m[35mBEGIN[0m
  ↳ app/controllers/users_controller.rb:23
  [1m[36mUser Exists (0.3ms)[0m  [1m[34mSELECT  1 AS one FROM "users" WHERE "users"."email" = $1 LIMIT $2[0m  [["email", ""], ["LIMIT", 1]]
  ↳ app/controllers/users_controller.rb:23
  [1m[36mUser Exists (0.4ms)[0m  [1m[34mSELECT  1 AS one FROM "users" WHERE "users"."session_token" = $1 LIMIT $2[0m  [["session_token", "_orJ0M4VMdt7VQh2krCsTQ"], ["LIMIT", 1]]
  ↳ app/controllers/users_controller.rb:23
  [1m[36mUser Exists (0.7ms)[0m  [1m[34mSELECT  1 AS one FROM "users" WHERE "users"."password_digest" = $1 LIMIT $2[0m  [["password_digest", "$2a$12$pZe6TBH0fGHm52vWbGEN8eJRQe1GwI/uiALfo.JyfXmmWix7v/pme"], ["LIMIT", 1]]
  ↳ app/controllers/users_controller.rb:23
  [1m[35m (0.2ms)[0m  [1m[31mROLLBACK[0m
  ↳ app/controllers/users_controller.rb:23
Completed 500 Internal Server Error in 463ms (ActiveRecord: 1.8ms)


  
NameError (undefined local variable or method `error' for #<UsersController:0x00007fff0c0e3978>):
  
app/controllers/users_controller.rb:27:in `create'
Started POST "/users" for ::1 at 2020-12-12 12:14:54 -0500
Processing by UsersController#create as HTML
  Parameters: {"authenticity_token"=>"1pyBWGrsxx7arRkI4I5PC5WCBx+Coj1FWj8J0M/LIz3NekgYOc7bDviQdR/M3wuyxebWYikzQp8bYDFLlIHndg==", "user"=>{"email"=>"", "password"=>"[FILTERED]"}}
  [1m[35m (0.2ms)[0m  [1m[35mBEGIN[0m
  ↳ app/controllers/users_controller.rb:23
  [1m[36mUser Exists (0.5ms)[0m  [1m[34mSELECT  1 AS one FROM "users" WHERE "users"."email" = $1 LIMIT $2[0m  [["email", ""], ["LIMIT", 1]]
  ↳ app/controllers/users_controller.rb:23
  [1m[36mUser Exists (0.4ms)[0m  [1m[34mSELECT  1 AS one FROM "users" WHERE "users"."session_token" = $1 LIMIT $2[0m  [["session_token", "7fDywOvDfUNQdCOYWUSEjA"], ["LIMIT", 1]]
  ↳ app/controllers/users_controller.rb:23
  [1m[36mUser Exists (0.4ms)[0m  [1m[34mSELECT  1 AS one FROM "users" WHERE "users"."password_digest" = $1 LIMIT $2[0m  [["password_digest", "$2a$12$PT6bDsm.2LwJWkUldyZ8aezN2xNsJ9eFDmM1Nt8l6LkvL1aAcHrrS"], ["LIMIT", 1]]
  ↳ app/controllers/users_controller.rb:23
  [1m[35m (0.2ms)[0m  [1m[31mROLLBACK[0m
  ↳ app/controllers/users_controller.rb:23
Completed 500 Internal Server Error in 455ms (ActiveRecord: 6.3ms)


  
NameError (undefined local variable or method `error' for #<UsersController:0x00007fff0c039ec8>):
  
app/controllers/users_controller.rb:27:in `create'
Started POST "/users" for ::1 at 2020-12-12 12:15:06 -0500
Processing by UsersController#create as HTML
  Parameters: {"authenticity_token"=>"1pyBWGrsxx7arRkI4I5PC5WCBx+Coj1FWj8J0M/LIz3NekgYOc7bDviQdR/M3wuyxebWYikzQp8bYDFLlIHndg==", "user"=>{"email"=>"", "password"=>"[FILTERED]"}}
  [1m[35m (0.2ms)[0m  [1m[35mBEGIN[0m
  ↳ app/controllers/users_controller.rb:23
  [1m[36mUser Exists (0.4ms)[0m  [1m[34mSELECT  1 AS one FROM "users" WHERE "users"."email" = $1 LIMIT $2[0m  [["email", ""], ["LIMIT", 1]]
  ↳ app/controllers/users_controller.rb:23
  [1m[36mUser Exists (0.7ms)[0m  [1m[34mSELECT  1 AS one FROM "users" WHERE "users"."session_token" = $1 LIMIT $2[0m  [["session_token", "gf1FztApS9NNGlZ4ZgoxcQ"], ["LIMIT", 1]]
  ↳ app/controllers/users_controller.rb:23
  [1m[36mUser Exists (0.4ms)[0m  [1m[34mSELECT  1 AS one FROM "users" WHERE "users"."password_digest" = $1 LIMIT $2[0m  [["password_digest", "$2a$12$YvzTfS.0qNeFR5g2v3BwYOEQOY1TdZGxeedSNri9.lRQ8igWkFNTW"], ["LIMIT", 1]]
  ↳ app/controllers/users_controller.rb:23
  [1m[35m (0.3ms)[0m  [1m[31mROLLBACK[0m
  ↳ app/controllers/users_controller.rb:23
Redirected to http://localhost:3000/users/new
Completed 302 Found in 334ms (ActiveRecord: 4.7ms)


Started GET "/users/new" for ::1 at 2020-12-12 12:15:06 -0500
Processing by UsersController#new as HTML
  Rendering users/new.html.erb within layouts/application
  Rendered users/new.html.erb within layouts/application (0.7ms)
Completed 200 OK in 52ms (Views: 51.5ms | ActiveRecord: 0.0ms)


Started POST "/users" for ::1 at 2020-12-12 12:16:55 -0500
Processing by UsersController#create as HTML
  Parameters: {"authenticity_token"=>"Tq28yXqK5+xR+5uQkQ95NmGI9WFBe2rp7RW6rDOb95hVS3WJKaj7/HPG94e9Xj2PMewkHOrqFTOsSoI3aNEz0w==", "user"=>{"email"=>"", "password"=>"[FILTERED]"}}
  [1m[35m (0.2ms)[0m  [1m[35mBEGIN[0m
  ↳ app/controllers/users_controller.rb:23
  [1m[36mUser Exists (0.5ms)[0m  [1m[34mSELECT  1 AS one FROM "users" WHERE "users"."email" = $1 LIMIT $2[0m  [["email", ""], ["LIMIT", 1]]
  ↳ app/controllers/users_controller.rb:23
  [1m[36mUser Exists (0.4ms)[0m  [1m[34mSELECT  1 AS one FROM "users" WHERE "users"."session_token" = $1 LIMIT $2[0m  [["session_token", "KHvM5DsCu6irXdYz9XcJSA"], ["LIMIT", 1]]
  ↳ app/controllers/users_controller.rb:23
  [1m[36mUser Exists (0.3ms)[0m  [1m[34mSELECT  1 AS one FROM "users" WHERE "users"."password_digest" = $1 LIMIT $2[0m  [["password_digest", "$2a$12$jo9oVE7FcU30K2sUi8MHW.ZURTrsJeodHXo.ZrNhsHkEjL7qKNxd2"], ["LIMIT", 1]]
  ↳ app/controllers/users_controller.rb:23
  [1m[35m (0.2ms)[0m  [1m[31mROLLBACK[0m
  ↳ app/controllers/users_controller.rb:23
Redirected to http://localhost:3000/users/new
Completed 302 Found in 268ms (ActiveRecord: 1.6ms)


Started GET "/users/new" for ::1 at 2020-12-12 12:16:55 -0500
Processing by UsersController#new as HTML
  Rendering users/new.html.erb within layouts/application
  Rendered users/new.html.erb within layouts/application (0.9ms)
Completed 500 Internal Server Error in 42ms (ActiveRecord: 0.0ms)


  
SyntaxError (/mnt/c/Users/magic/Documents/GitHub/Homework/Week_8/music_app/app/views/layouts/application.html.erb:17: syntax error, unexpected '<'
...reeze;@output_buffer.append=( <p>e</p> );@output_buffer.safe...
...                              ^
/mnt/c/Users/magic/Documents/GitHub/Homework/Week_8/music_app/app/views/layouts/application.html.erb:20: unknown regexp options - hadr
/mnt/c/Users/magic/Documents/GitHub/Homework/Week_8/music_app/app/views/layouts/application.html.erb:20: unmatched close parenthesis: /p> );@output_buffer.safe_append='
'.freeze;         end 
       end 
@output_buffer.safe_append='    </
/mnt/c/Users/magic/Documents/GitHub/Homework/Week_8/music_app/app/views/layouts/application.html.erb:24: syntax error, unexpected '<', expecting ')'
  </body>
  ^
/mnt/c/Users/magic/Documents/GitHub/Homework/Week_8/music_app/app/views/layouts/application.html.erb:25: unknown regexp options - htl
/mnt/c/Users/magic/Documents/GitHub/Homework/Week_8/music_app/app/views/layouts/application.html.erb:30: unterminated string meets end of file
          end
             ^
/mnt/c/Users/magic/Documents/GitHub/Homework/Week_8/music_app/app/views/layouts/application.html.erb:30: syntax error, unexpected end-of-input, expecting ')'
          end
             ^):
  
app/views/layouts/application.html.erb:17: syntax error, unexpected '<'
app/views/layouts/application.html.erb:20: unknown regexp options - hadr
app/views/layouts/application.html.erb:20: unmatched close parenthesis: /p> );@output_buffer.safe_append='
app/views/layouts/application.html.erb:24: syntax error, unexpected '<', expecting ')'
app/views/layouts/application.html.erb:25: unknown regexp options - htl
app/views/layouts/application.html.erb:30: unterminated string meets end of file
app/views/layouts/application.html.erb:30: syntax error, unexpected end-of-input, expecting ')'
app/controllers/users_controller.rb:18:in `new'
Started GET "/users/new" for ::1 at 2020-12-12 12:17:13 -0500
Processing by UsersController#new as HTML
  Rendering users/new.html.erb within layouts/application
  Rendered users/new.html.erb within layouts/application (2.7ms)
Completed 200 OK in 61ms (Views: 60.3ms | ActiveRecord: 0.0ms)


Started GET "/users/new" for ::1 at 2020-12-12 12:17:51 -0500
Processing by UsersController#new as HTML
  Rendering users/new.html.erb within layouts/application
  Rendered users/new.html.erb within layouts/application (0.8ms)
Completed 200 OK in 85ms (Views: 84.2ms | ActiveRecord: 0.0ms)


Started POST "/users" for ::1 at 2020-12-12 12:17:53 -0500
Processing by UsersController#create as HTML
  Parameters: {"authenticity_token"=>"vJyi+HSbF+TBGAsohNbr+V/odI/y6giyAs2wHioVAxqnemu4J7kL9OMlZz+oh69AD4yl8ll7d2hDkoiFcV/HUQ==", "user"=>{"email"=>"", "password"=>"[FILTERED]"}}
  [1m[35m (0.2ms)[0m  [1m[35mBEGIN[0m
  ↳ app/controllers/users_controller.rb:23
  [1m[36mUser Exists (0.5ms)[0m  [1m[34mSELECT  1 AS one FROM "users" WHERE "users"."email" = $1 LIMIT $2[0m  [["email", ""], ["LIMIT", 1]]
  ↳ app/controllers/users_controller.rb:23
  [1m[36mUser Exists (0.5ms)[0m  [1m[34mSELECT  1 AS one FROM "users" WHERE "users"."session_token" = $1 LIMIT $2[0m  [["session_token", "Z8eY3vN7KGbmD4zSAA-1lg"], ["LIMIT", 1]]
  ↳ app/controllers/users_controller.rb:23
  [1m[36mUser Exists (0.4ms)[0m  [1m[34mSELECT  1 AS one FROM "users" WHERE "users"."password_digest" = $1 LIMIT $2[0m  [["password_digest", "$2a$12$3/niSM96MWFvRUg2K4eYQO0hBv8ycHjScuxa/svDH6kncE3.99vCq"], ["LIMIT", 1]]
  ↳ app/controllers/users_controller.rb:23
  [1m[35m (0.3ms)[0m  [1m[31mROLLBACK[0m
  ↳ app/controllers/users_controller.rb:23
Redirected to http://localhost:3000/users/new
Completed 302 Found in 333ms (ActiveRecord: 2.0ms)


Started GET "/users/new" for ::1 at 2020-12-12 12:17:54 -0500
Processing by UsersController#new as HTML
  Rendering users/new.html.erb within layouts/application
  Rendered users/new.html.erb within layouts/application (0.8ms)
Completed 200 OK in 40ms (Views: 38.7ms | ActiveRecord: 0.0ms)


Started GET "/users/new" for ::1 at 2020-12-12 12:18:16 -0500
Processing by UsersController#new as HTML
  Rendering users/new.html.erb within layouts/application
  Rendered users/new.html.erb within layouts/application (1.3ms)
Completed 200 OK in 53ms (Views: 52.0ms | ActiveRecord: 0.0ms)


Started POST "/users" for ::1 at 2020-12-12 12:18:18 -0500
Processing by UsersController#create as HTML
  Parameters: {"authenticity_token"=>"ORfkExMxEnyosHvuKuEzGpM+Q9j70tKp6x4XqDnzbYUi8S1TQBMObIqNF/kGsHejw1qSpVBDrXOqQS8zYrmpzg==", "user"=>{"email"=>"", "password"=>"[FILTERED]"}}
  [1m[35m (0.3ms)[0m  [1m[35mBEGIN[0m
  ↳ app/controllers/users_controller.rb:23
  [1m[36mUser Exists (0.6ms)[0m  [1m[34mSELECT  1 AS one FROM "users" WHERE "users"."email" = $1 LIMIT $2[0m  [["email", ""], ["LIMIT", 1]]
  ↳ app/controllers/users_controller.rb:23
  [1m[36mUser Exists (0.6ms)[0m  [1m[34mSELECT  1 AS one FROM "users" WHERE "users"."session_token" = $1 LIMIT $2[0m  [["session_token", "LHgJ4PoQgh94RMnPLlT_Pg"], ["LIMIT", 1]]
  ↳ app/controllers/users_controller.rb:23
  [1m[36mUser Exists (0.4ms)[0m  [1m[34mSELECT  1 AS one FROM "users" WHERE "users"."password_digest" = $1 LIMIT $2[0m  [["password_digest", "$2a$12$f86bItO7OTSORbo.5idJnepaANrH.U0gWysW0XduCSVZMORkbdSNG"], ["LIMIT", 1]]
  ↳ app/controllers/users_controller.rb:23
  [1m[35m (0.2ms)[0m  [1m[31mROLLBACK[0m
  ↳ app/controllers/users_controller.rb:23
Redirected to http://localhost:3000/users/new
Completed 302 Found in 295ms (ActiveRecord: 2.1ms)


Started GET "/users/new" for ::1 at 2020-12-12 12:18:18 -0500
Processing by UsersController#new as HTML
  Rendering users/new.html.erb within layouts/application
  Rendered users/new.html.erb within layouts/application (0.6ms)
Completed 200 OK in 41ms (Views: 39.8ms | ActiveRecord: 0.0ms)


Started GET "/sessions/new" for ::1 at 2020-12-12 12:18:24 -0500
Processing by SessionsController#new as HTML
  Rendering sessions/new.html.erb within layouts/application
  Rendered sessions/new.html.erb within layouts/application (0.5ms)
Completed 200 OK in 34ms (Views: 33.1ms | ActiveRecord: 0.0ms)


Started POST "/users" for ::1 at 2020-12-12 12:18:27 -0500
Processing by UsersController#create as HTML
  Parameters: {"authenticity_token"=>"0pGit7my/ilP2tGJMSUgKVL2TatrAoEKmORMFqwYPBPJd2v36pDiOW3nvZ4ddGSQApKc1sCT/tDZu3SN91L4WA==", "user"=>{"email"=>"", "password"=>"[FILTERED]"}}
  [1m[35m (0.2ms)[0m  [1m[35mBEGIN[0m
  ↳ app/controllers/users_controller.rb:23
  [1m[36mUser Exists (0.3ms)[0m  [1m[34mSELECT  1 AS one FROM "users" WHERE "users"."email" = $1 LIMIT $2[0m  [["email", ""], ["LIMIT", 1]]
  ↳ app/controllers/users_controller.rb:23
  [1m[36mUser Exists (0.3ms)[0m  [1m[34mSELECT  1 AS one FROM "users" WHERE "users"."session_token" = $1 LIMIT $2[0m  [["session_token", "IWdzFoV-lvGGLkWdoid6Ww"], ["LIMIT", 1]]
  ↳ app/controllers/users_controller.rb:23
  [1m[36mUser Exists (0.4ms)[0m  [1m[34mSELECT  1 AS one FROM "users" WHERE "users"."password_digest" = $1 LIMIT $2[0m  [["password_digest", "$2a$12$RA4xz7Ny6RNK9ADFrZ1jD.VTM6jfd2rNxsg8gkROVgTnAbtxCMWuW"], ["LIMIT", 1]]
  ↳ app/controllers/users_controller.rb:23
  [1m[35m (0.2ms)[0m  [1m[31mROLLBACK[0m
  ↳ app/controllers/users_controller.rb:23
Redirected to http://localhost:3000/users/new
Completed 302 Found in 309ms (ActiveRecord: 1.4ms)


Started GET "/users/new" for ::1 at 2020-12-12 12:18:28 -0500
Processing by UsersController#new as HTML
  Rendering users/new.html.erb within layouts/application
  Rendered users/new.html.erb within layouts/application (0.6ms)
Completed 200 OK in 44ms (Views: 43.7ms | ActiveRecord: 0.0ms)


Started POST "/users" for ::1 at 2020-12-12 12:18:36 -0500
Processing by UsersController#create as HTML
  Parameters: {"authenticity_token"=>"0pGit7my/ilP2tGJMSUgKVL2TatrAoEKmORMFqwYPBPJd2v36pDiOW3nvZ4ddGSQApKc1sCT/tDZu3SN91L4WA==", "user"=>{"email"=>"awefwaef", "password"=>"[FILTERED]"}}
  [1m[35m (0.2ms)[0m  [1m[35mBEGIN[0m
  ↳ app/controllers/users_controller.rb:23
  [1m[36mUser Exists (0.4ms)[0m  [1m[34mSELECT  1 AS one FROM "users" WHERE "users"."email" = $1 LIMIT $2[0m  [["email", "awefwaef"], ["LIMIT", 1]]
  ↳ app/controllers/users_controller.rb:23
  [1m[36mUser Exists (0.4ms)[0m  [1m[34mSELECT  1 AS one FROM "users" WHERE "users"."session_token" = $1 LIMIT $2[0m  [["session_token", "R2o1Y7aOyA6L4bt84p5A3w"], ["LIMIT", 1]]
  ↳ app/controllers/users_controller.rb:23
  [1m[36mUser Exists (0.6ms)[0m  [1m[34mSELECT  1 AS one FROM "users" WHERE "users"."password_digest" = $1 LIMIT $2[0m  [["password_digest", "$2a$12$66daVL8771BOVxcKS9V9f.h4F7Etq6jTZWHuc0j8e1SHEXMZOI2v2"], ["LIMIT", 1]]
  ↳ app/controllers/users_controller.rb:23
  [1m[35m (0.4ms)[0m  [1m[31mROLLBACK[0m
  ↳ app/controllers/users_controller.rb:23
Redirected to http://localhost:3000/users/new
Completed 302 Found in 338ms (ActiveRecord: 2.0ms)


Started GET "/users/new" for ::1 at 2020-12-12 12:18:36 -0500
Processing by UsersController#new as HTML
  Rendering users/new.html.erb within layouts/application
  Rendered users/new.html.erb within layouts/application (0.7ms)
Completed 200 OK in 41ms (Views: 40.2ms | ActiveRecord: 0.0ms)


Started POST "/users" for ::1 at 2020-12-12 12:18:41 -0500
Processing by UsersController#create as HTML
  Parameters: {"authenticity_token"=>"FaH9aJAAg4e83PMFPIjRzdy7YqCnCgHt/YgVvhvrPiMORzQowyKfl57hnxIQ2ZV0jN+z3Qybfje81y0lQKH6aA==", "user"=>{"email"=>"awf", "password"=>"[FILTERED]"}}
  [1m[35m (0.2ms)[0m  [1m[35mBEGIN[0m
  ↳ app/controllers/users_controller.rb:23
  [1m[36mUser Exists (0.4ms)[0m  [1m[34mSELECT  1 AS one FROM "users" WHERE "users"."email" = $1 LIMIT $2[0m  [["email", "awf"], ["LIMIT", 1]]
  ↳ app/controllers/users_controller.rb:23
  [1m[36mUser Exists (0.6ms)[0m  [1m[34mSELECT  1 AS one FROM "users" WHERE "users"."session_token" = $1 LIMIT $2[0m  [["session_token", "xJ14WjILMi_BtpQf9nkJ5w"], ["LIMIT", 1]]
  ↳ app/controllers/users_controller.rb:23
  [1m[36mUser Exists (0.5ms)[0m  [1m[34mSELECT  1 AS one FROM "users" WHERE "users"."password_digest" = $1 LIMIT $2[0m  [["password_digest", "$2a$12$K6q57/T0IqLdaVS/zxzM4.yK41fVATqTARLDHWU4HlE0N.wAv9IYa"], ["LIMIT", 1]]
  ↳ app/controllers/users_controller.rb:23
  [1m[35m (0.3ms)[0m  [1m[31mROLLBACK[0m
  ↳ app/controllers/users_controller.rb:23
Redirected to http://localhost:3000/users/new
Completed 302 Found in 290ms (ActiveRecord: 2.0ms)


Started GET "/users/new" for ::1 at 2020-12-12 12:18:41 -0500
Processing by UsersController#new as HTML
  Rendering users/new.html.erb within layouts/application
  Rendered users/new.html.erb within layouts/application (0.6ms)
Completed 200 OK in 39ms (Views: 37.8ms | ActiveRecord: 0.0ms)


Started POST "/users" for ::1 at 2020-12-12 12:18:48 -0500
Processing by UsersController#create as HTML
  Parameters: {"authenticity_token"=>"ip1A4ubO4YKLs5gchyIL9W7ciTKH9FiaZs01A+6FOpqRe4mitez9kqmO9Aurc09MPrhYTyxlJ0Ankg2Ytc/+0Q==", "user"=>{"email"=>"awefewf", "password"=>"[FILTERED]"}}
  [1m[35m (0.2ms)[0m  [1m[35mBEGIN[0m
  ↳ app/controllers/users_controller.rb:23
  [1m[36mUser Exists (0.4ms)[0m  [1m[34mSELECT  1 AS one FROM "users" WHERE "users"."email" = $1 LIMIT $2[0m  [["email", "awefewf"], ["LIMIT", 1]]
  ↳ app/controllers/users_controller.rb:23
  [1m[36mUser Exists (0.4ms)[0m  [1m[34mSELECT  1 AS one FROM "users" WHERE "users"."session_token" = $1 LIMIT $2[0m  [["session_token", "f2bfbyZkXfgmgBHEuH4-GA"], ["LIMIT", 1]]
  ↳ app/controllers/users_controller.rb:23
  [1m[36mUser Exists (0.4ms)[0m  [1m[34mSELECT  1 AS one FROM "users" WHERE "users"."password_digest" = $1 LIMIT $2[0m  [["password_digest", "$2a$12$4sDMUi0cND2Ci6of5lxK0OqSx81OwpbYwdrV6/oqB2MPZOZ7Go6YC"], ["LIMIT", 1]]
  ↳ app/controllers/users_controller.rb:23
  [1m[36mUser Create (0.6ms)[0m  [1m[32mINSERT INTO "users" ("email", "password_digest", "session_token", "created_at", "updated_at") VALUES ($1, $2, $3, $4, $5) RETURNING "id"[0m  [["email", "awefewf"], ["password_digest", "$2a$12$4sDMUi0cND2Ci6of5lxK0OqSx81OwpbYwdrV6/oqB2MPZOZ7Go6YC"], ["session_token", "f2bfbyZkXfgmgBHEuH4-GA"], ["created_at", "2020-12-12 17:18:48.434230"], ["updated_at", "2020-12-12 17:18:48.434230"]]
  ↳ app/controllers/users_controller.rb:23
  [1m[35m (6.4ms)[0m  [1m[35mCOMMIT[0m
  ↳ app/controllers/users_controller.rb:23
  [1m[35m (0.2ms)[0m  [1m[35mBEGIN[0m
  ↳ app/models/user.rb:43
  [1m[36mUser Exists (0.5ms)[0m  [1m[34mSELECT  1 AS one FROM "users" WHERE "users"."email" = $1 AND "users"."id" != $2 LIMIT $3[0m  [["email", "awefewf"], ["id", 4], ["LIMIT", 1]]
  ↳ app/models/user.rb:43
  [1m[36mUser Exists (0.4ms)[0m  [1m[34mSELECT  1 AS one FROM "users" WHERE "users"."session_token" = $1 AND "users"."id" != $2 LIMIT $3[0m  [["session_token", "mnA7dfVbe5az1jBqeKAd3w"], ["id", 4], ["LIMIT", 1]]
  ↳ app/models/user.rb:43
  [1m[36mUser Exists (0.3ms)[0m  [1m[34mSELECT  1 AS one FROM "users" WHERE "users"."password_digest" = $1 AND "users"."id" != $2 LIMIT $3[0m  [["password_digest", "$2a$12$4sDMUi0cND2Ci6of5lxK0OqSx81OwpbYwdrV6/oqB2MPZOZ7Go6YC"], ["id", 4], ["LIMIT", 1]]
  ↳ app/models/user.rb:43
  [1m[36mUser Update (0.5ms)[0m  [1m[33mUPDATE "users" SET "session_token" = $1, "updated_at" = $2 WHERE "users"."id" = $3[0m  [["session_token", "mnA7dfVbe5az1jBqeKAd3w"], ["updated_at", "2020-12-12 17:18:48.515664"], ["id", 4]]
  ↳ app/models/user.rb:43
  [1m[35m (1.6ms)[0m  [1m[35mCOMMIT[0m
  ↳ app/models/user.rb:43
Redirected to http://localhost:3000/users/4
Completed 302 Found in 390ms (ActiveRecord: 12.0ms)


Started GET "/users/4" for ::1 at 2020-12-12 12:18:48 -0500
Processing by UsersController#show as HTML
  Parameters: {"id"=>"4"}
  [1m[36mUser Load (0.3ms)[0m  [1m[34mSELECT  "users".* FROM "users" WHERE "users"."session_token" = $1 LIMIT $2[0m  [["session_token", "mnA7dfVbe5az1jBqeKAd3w"], ["LIMIT", 1]]
  ↳ app/controllers/application_controller.rb:6
  [1m[36mUser Load (0.3ms)[0m  [1m[34mSELECT  "users".* FROM "users" WHERE "users"."id" IS NULL LIMIT $1[0m  [["LIMIT", 1]]
  ↳ app/controllers/users_controller.rb:9
  Rendering users/show.html.erb within layouts/application
  Rendered users/show.html.erb within layouts/application (0.4ms)
Completed 200 OK in 76ms (Views: 41.8ms | ActiveRecord: 0.7ms)


Started POST "/users" for ::1 at 2020-12-12 12:18:56 -0500
Processing by UsersController#create as HTML
  Parameters: {"authenticity_token"=>"ip1A4ubO4YKLs5gchyIL9W7ciTKH9FiaZs01A+6FOpqRe4mitez9kqmO9Aurc09MPrhYTyxlJ0Ankg2Ytc/+0Q==", "user"=>{"email"=>"awefewf", "password"=>"[FILTERED]"}}
  [1m[35m (0.2ms)[0m  [1m[35mBEGIN[0m
  ↳ app/controllers/users_controller.rb:23
  [1m[36mUser Exists (0.4ms)[0m  [1m[34mSELECT  1 AS one FROM "users" WHERE "users"."email" = $1 LIMIT $2[0m  [["email", "awefewf"], ["LIMIT", 1]]
  ↳ app/controllers/users_controller.rb:23
  [1m[36mUser Exists (0.4ms)[0m  [1m[34mSELECT  1 AS one FROM "users" WHERE "users"."session_token" = $1 LIMIT $2[0m  [["session_token", "pLqNSdbjwzj03K4BBxCapA"], ["LIMIT", 1]]
  ↳ app/controllers/users_controller.rb:23
  [1m[36mUser Exists (0.3ms)[0m  [1m[34mSELECT  1 AS one FROM "users" WHERE "users"."password_digest" = $1 LIMIT $2[0m  [["password_digest", "$2a$12$7Urqi8zP5bXioea0EC2blOnUsAkuH6A64QVY7WScDPIJREvI5Xlx."], ["LIMIT", 1]]
  ↳ app/controllers/users_controller.rb:23
  [1m[35m (0.2ms)[0m  [1m[31mROLLBACK[0m
  ↳ app/controllers/users_controller.rb:23
Redirected to http://localhost:3000/users/new
Completed 302 Found in 301ms (ActiveRecord: 1.5ms)


Started GET "/users/new" for ::1 at 2020-12-12 12:18:56 -0500
Processing by UsersController#new as HTML
  Rendering users/new.html.erb within layouts/application
  Rendered users/new.html.erb within layouts/application (0.7ms)
Completed 200 OK in 51ms (Views: 50.1ms | ActiveRecord: 0.0ms)


Started GET "/users/new" for ::1 at 2020-12-12 12:19:16 -0500
Processing by UsersController#new as HTML
  Rendering users/new.html.erb within layouts/application
  Rendered users/new.html.erb within layouts/application (8.0ms)
Completed 200 OK in 52ms (Views: 39.1ms | ActiveRecord: 4.1ms)


Started POST "/users" for ::1 at 2020-12-12 12:19:20 -0500
Processing by UsersController#create as HTML
  Parameters: {"authenticity_token"=>"eY+VgT/JEhoEWeVwTBhv6vUai4y0CJ3hhvqlC6D1DPRiaVzBbOsOCiZkiWdgSStTpX5a8R+Z4jvHpZ2Q+7/Ivw==", "user"=>{"email"=>"awef", "password"=>"[FILTERED]"}}
  [1m[35m (0.3ms)[0m  [1m[35mBEGIN[0m
  ↳ app/controllers/users_controller.rb:23
  [1m[36mUser Exists (0.4ms)[0m  [1m[34mSELECT  1 AS one FROM "users" WHERE "users"."email" = $1 LIMIT $2[0m  [["email", "awef"], ["LIMIT", 1]]
  ↳ app/controllers/users_controller.rb:23
  [1m[36mUser Exists (0.7ms)[0m  [1m[34mSELECT  1 AS one FROM "users" WHERE "users"."session_token" = $1 LIMIT $2[0m  [["session_token", "Id227id1HzN2fDPqgVFUEQ"], ["LIMIT", 1]]
  ↳ app/controllers/users_controller.rb:23
  [1m[36mUser Exists (0.4ms)[0m  [1m[34mSELECT  1 AS one FROM "users" WHERE "users"."password_digest" = $1 LIMIT $2[0m  [["password_digest", "$2a$12$i0DEPjLVxKNx0beun3bmjelUOetZHYI2cqaEwpHuNdcFqrq7shoB6"], ["LIMIT", 1]]
  ↳ app/controllers/users_controller.rb:23
  [1m[35m (0.2ms)[0m  [1m[31mROLLBACK[0m
  ↳ app/controllers/users_controller.rb:23
Redirected to http://localhost:3000/users/new
Completed 302 Found in 273ms (ActiveRecord: 2.1ms)


Started GET "/users/new" for ::1 at 2020-12-12 12:19:20 -0500
Processing by UsersController#new as HTML
  Rendering users/new.html.erb within layouts/application
  Rendered users/new.html.erb within layouts/application (0.8ms)
Completed 200 OK in 32ms (Views: 31.2ms | ActiveRecord: 0.0ms)


Started GET "/sessions/new" for ::1 at 2020-12-12 12:19:29 -0500
Processing by SessionsController#new as HTML
  Rendering sessions/new.html.erb within layouts/application
  Rendered sessions/new.html.erb within layouts/application (1.9ms)
Completed 200 OK in 39ms (Views: 37.8ms | ActiveRecord: 0.0ms)


Started POST "/users" for ::1 at 2020-12-12 12:19:34 -0500
Processing by UsersController#create as HTML
  Parameters: {"authenticity_token"=>"Tz+eeMC7Iizh2plq8GGqLV+ICj+7Nc4P0QlhOe3OTg1U2Vc4k5k+PMPn9X3cMO6UD+zbQhCksdWQVlmitoSKRg==", "user"=>{"email"=>"awef", "password"=>"[FILTERED]"}}
  [1m[35m (0.3ms)[0m  [1m[35mBEGIN[0m
  ↳ app/controllers/users_controller.rb:23
  [1m[36mUser Exists (0.5ms)[0m  [1m[34mSELECT  1 AS one FROM "users" WHERE "users"."email" = $1 LIMIT $2[0m  [["email", "awef"], ["LIMIT", 1]]
  ↳ app/controllers/users_controller.rb:23
  [1m[36mUser Exists (0.4ms)[0m  [1m[34mSELECT  1 AS one FROM "users" WHERE "users"."session_token" = $1 LIMIT $2[0m  [["session_token", "1EOFmUBjMcVm1mFtV2Avaw"], ["LIMIT", 1]]
  ↳ app/controllers/users_controller.rb:23
  [1m[36mUser Exists (1.1ms)[0m  [1m[34mSELECT  1 AS one FROM "users" WHERE "users"."password_digest" = $1 LIMIT $2[0m  [["password_digest", "$2a$12$Foe1PEnw/FSimfpqdRpSGO6YvP6Q1mFJAKodbfENpVg8OTy6edqu."], ["LIMIT", 1]]
  ↳ app/controllers/users_controller.rb:23
  [1m[35m (0.3ms)[0m  [1m[31mROLLBACK[0m
  ↳ app/controllers/users_controller.rb:23
Redirected to http://localhost:3000/users/new
Completed 302 Found in 289ms (ActiveRecord: 2.5ms)


Started GET "/users/new" for ::1 at 2020-12-12 12:19:34 -0500
Processing by UsersController#new as HTML
  Rendering users/new.html.erb within layouts/application
  Rendered users/new.html.erb within layouts/application (0.8ms)
Completed 200 OK in 32ms (Views: 31.0ms | ActiveRecord: 0.0ms)


